<?xml version="1.0" encoding="UTF-8" ?>
<testsuite errors="0" failures="0" hostname="MacBook-Air.local" name="expressivo.grader.ExpressionTest" skipped="0" tests="27" time="8.219" timestamp="2017-07-28T14:55:31">
  <properties>
[...]
</properties>
  <testcase classname="expressivo.grader.ExpressionTest" name="testHashCode[same one variable]" time="0.384" />
  <testcase classname="expressivo.grader.ExpressionTest" name="testEquals[same one variable]" time="0.118" />
  <testcase classname="expressivo.grader.ExpressionTest" name="testToStringConsistent[same one variable]" time="0.125" />
  <testcase classname="expressivo.grader.ExpressionTest" name="testHashCode[same one operator]" time="0.088" />
  <testcase classname="expressivo.grader.ExpressionTest" name="testEquals[same one operator]" time="0.156" />
  <testcase classname="expressivo.grader.ExpressionTest" name="testToStringConsistent[same one operator]" time="0.065" />
  <testcase classname="expressivo.grader.ExpressionTest" name="testHashCode[same expression with numbers/variables/operators]" time="0.083" />
  <testcase classname="expressivo.grader.ExpressionTest" name="testEquals[same expression with numbers/variables/operators]" time="0.049" />
  <testcase classname="expressivo.grader.ExpressionTest" name="testToStringConsistent[same expression with numbers/variables/operators]" time="0.089" />
  <testcase classname="expressivo.grader.ExpressionTest" name="testHashCode[var and same var parenthesized]" time="0.3" />
  <testcase classname="expressivo.grader.ExpressionTest" name="testEquals[var and same var parenthesized]" time="0.074" />
  <testcase classname="expressivo.grader.ExpressionTest" name="testToStringConsistent[var and same var parenthesized]" time="0.061" />
  <testcase classname="expressivo.grader.ExpressionTest" name="testHashCode[one operator and same operator parenthesized]" time="0.045" />
  <testcase classname="expressivo.grader.ExpressionTest" name="testEquals[one operator and same operator parenthesized]" time="0.051" />
  <testcase classname="expressivo.grader.ExpressionTest" name="testToStringConsistent[one operator and same operator parenthesized]" time="0.072" />
  <testcase classname="expressivo.grader.ExpressionTest" name="testHashCode[* + * same as (*)+(*)]" time="0.088" />
  <testcase classname="expressivo.grader.ExpressionTest" name="testEquals[* + * same as (*)+(*)]" time="0.099" />
  <testcase classname="expressivo.grader.ExpressionTest" name="testToStringConsistent[* + * same as (*)+(*)]" time="0.147" />
  <testcase classname="expressivo.grader.ExpressionTest" name="testHashCode[((*)+)* different from * + *]" time="0.155" />
  <testcase classname="expressivo.grader.ExpressionTest" name="testEquals[((*)+)* different from * + *]" time="0.1" />
  <testcase classname="expressivo.grader.ExpressionTest" name="testToStringConsistent[((*)+)* different from * + *]" time="0.047" />
  <testcase classname="expressivo.grader.ExpressionTest" name="testHashCode[+ not commutative under structual equality]" time="0.063" />
  <testcase classname="expressivo.grader.ExpressionTest" name="testEquals[+ not commutative under structual equality]" time="0.053" />
  <testcase classname="expressivo.grader.ExpressionTest" name="testToStringConsistent[+ not commutative under structual equality]" time="0.316" />
  <testcase classname="expressivo.grader.ExpressionTest" name="testHashCode[* not commutative under structual equality]" time="0.131" />
  <testcase classname="expressivo.grader.ExpressionTest" name="testEquals[* not commutative under structual equality]" time="0.04" />
  <testcase classname="expressivo.grader.ExpressionTest" name="testToStringConsistent[* not commutative under structual equality]" time="0.053" />
  <system-out><![CDATA[]]></system-out>
  <system-err><![CDATA[]]></system-err>
</testsuite>
