<?xml version="1.0" encoding="UTF-8" ?>
<testsuites>
  <testsuite errors="0" failures="0" hostname="MacBook-Air.local" id="0" name="CommandsTest" package="expressivo" skipped="0" tests="2" time="5.557" timestamp="2017-07-28T14:54:41">
      <properties>
          <property name="java.vendor" value="Oracle Corporation" />

          <property name="sun.java.launcher" value="SUN_STANDARD" />

          <property name="sun.management.compiler" value="HotSpot 64-Bit Tiered Compilers" />

          <property name="build.sysclasspath" value="ignore" />

          <property name="os.name" value="Mac OS X" />

          <property name="sun.boot.class.path" value="/Library/Java/JavaVirtualMachines/jdk1.8.0_131.jdk/Contents/Home/jre/lib/resources.jar:/Library/Java/JavaVirtualMachines/jdk1.8.0_131.jdk/Contents/Home/jre/lib/rt.jar:/Library/Java/JavaVirtualMachines/jdk1.8.0_131.jdk/Contents/Home/jre/lib/sunrsasign.jar:/Library/Java/JavaVirtualMachines/jdk1.8.0_131.jdk/Contents/Home/jre/lib/jsse.jar:/Library/Java/JavaVirtualMachines/jdk1.8.0_131.jdk/Contents/Home/jre/lib/jce.jar:/Library/Java/JavaVirtualMachines/jdk1.8.0_131.jdk/Contents/Home/jre/lib/charsets.jar:/Library/Java/JavaVirtualMachines/jdk1.8.0_131.jdk/Contents/Home/jre/lib/jfr.jar:/Library/Java/JavaVirtualMachines/jdk1.8.0_131.jdk/Contents/Home/jre/classes" />

          <property name="final.grading" value="true" />

          <property name="java.vm.specification.vendor" value="Oracle Corporation" />

          <property name="ant.home" value="/Applications/IntelliJ IDEA CE.app/Contents/lib/ant" />

          <property name="java.runtime.version" value="1.8.0_131-b11" />

          <property name="user.name" value="Jeroen" />

          <property name="ant.build.javac.target" value="1.8" />

          <property name="user.language" value="nl" />

          <property name="sun.boot.library.path" value="/Library/Java/JavaVirtualMachines/jdk1.8.0_131.jdk/Contents/Home/jre/lib" />

          <property name="grader.report.file" value="my-grader-report.xml" />

          <property name="ant.project.default-target" value="all" />

          <property name="java.version" value="1.8.0_131" />

          <property name="user.timezone" value="" />

          <property name="sun.arch.data.model" value="64" />

          <property name="http.nonProxyHosts" value="local|*.local|169.254/16|*.169.254/16" />

          <property name="java.endorsed.dirs" value="/Library/Java/JavaVirtualMachines/jdk1.8.0_131.jdk/Contents/Home/jre/lib/endorsed" />

          <property name="sun.cpu.isalist" value="" />

          <property name="sun.jnu.encoding" value="UTF-8" />

          <property name="file.encoding.pkg" value="sun.io" />

          <property name="file.separator" value="/" />

          <property name="java.specification.name" value="Java Platform API Specification" />

          <property name="java.class.version" value="52.0" />

          <property name="user.country" value="NL" />

          <property name="java.home" value="/Library/Java/JavaVirtualMachines/jdk1.8.0_131.jdk/Contents/Home/jre" />

          <property name="java.vm.info" value="mixed mode" />

          <property name="ant.file" value="/Users/Jeroen/Dropbox/Documenten School/MIT edX 6.005 - Software Construction in Java/6.005.2x/ps1/grader.xml" />

          <property name="os.version" value="10.12.5" />

          <property name="final.grader.jar" value="ps1-final-grader.jar" />

          <property name="path.separator" value=":" />

          <property name="java.vm.version" value="25.131-b11" />

          <property name="ant.library.dir" value="/Applications/IntelliJ IDEA CE.app/Contents/lib/ant/lib" />

          <property name="java.awt.printerjob" value="sun.lwawt.macosx.CPrinterJob" />

          <property name="sun.io.unicode.encoding" value="UnicodeBig" />

          <property name="awt.toolkit" value="sun.lwawt.macosx.LWCToolkit" />

          <property name="socksNonProxyHosts" value="local|*.local|169.254/16|*.169.254/16" />

          <property name="ftp.nonProxyHosts" value="local|*.local|169.254/16|*.169.254/16" />

          <property name="user.home" value="/Users/Jeroen" />

          <property name="java.specification.vendor" value="Oracle Corporation" />

          <property name="which.tests.ran" value="BETA + FINAL" />

          <property name="java.library.path" value="/Users/Jeroen/Library/Java/Extensions:/Library/Java/Extensions:/Network/Library/Java/Extensions:/System/Library/Java/Extensions:/usr/lib/java:." />

          <property name="java.vendor.url" value="http://java.oracle.com/" />

          <property name="java.vm.vendor" value="Oracle Corporation" />

          <property name="gopherProxySet" value="false" />

          <property name="java.runtime.name" value="Java(TM) SE Runtime Environment" />

          <property name="beta.grader.jar" value="ps1-beta-grader.jar" />

          <property name="sun.java.command" value="org.apache.tools.ant.taskdefs.optional.junit.JUnitTestRunner expressivo.CommandsTest skipNonTests=false filtertrace=true haltOnError=false haltOnFailure=false showoutput=false outputtoformatters=true logfailedtests=true threadid=0 logtestlistenerevents=false formatter=org.apache.tools.ant.taskdefs.optional.junit.XMLJUnitResultFormatter,/Users/Jeroen/Dropbox/Documenten School/MIT edX 6.005 - Software Construction in Java/6.005.2x/ps1/.grader/TEST-expressivo.CommandsTest.xml crashfile=/Users/Jeroen/Dropbox/Documenten School/MIT edX 6.005 - Software Construction in Java/6.005.2x/ps1/.grader/junitvmwatcher3980885650355013008.properties propsfile=/Users/Jeroen/Dropbox/Documenten School/MIT edX 6.005 - Software Construction in Java/6.005.2x/ps1/.grader/junit7966109825702129555.properties" />

          <property name="java.class.path" value="/Users/Jeroen/Dropbox/Documenten School/MIT edX 6.005 - Software Construction in Java/6.005.2x/ps1/lib/junit-4.12.jar:/Users/Jeroen/Dropbox/Documenten School/MIT edX 6.005 - Software Construction in Java/6.005.2x/ps1/lib/hamcrest-core-1.3.jar:/Users/Jeroen/Dropbox/Documenten School/MIT edX 6.005 - Software Construction in Java/6.005.2x/ps1/lib/parserlib.jar:/Users/Jeroen/Dropbox/Documenten School/MIT edX 6.005 - Software Construction in Java/6.005.2x/ps1/.grader/bin-student:/Applications/IntelliJ IDEA CE.app/Contents/lib/ant/lib/ant-launcher.jar:/Applications/IntelliJ IDEA CE.app/Contents/lib/ant/lib/ant.jar:/Applications/IntelliJ IDEA CE.app/Contents/lib/ant/lib/ant-junit.jar:/Applications/IntelliJ IDEA CE.app/Contents/lib/ant/lib/ant-junit4.jar" />

          <property name="ant.version" value="Apache Ant(TM) version 1.9.4 compiled on April 29 2014" />

          <property name="project.name" value="ps1-expressivo" />

          <property name="java.vm.specification.name" value="Java Virtual Machine Specification" />

          <property name="ant.file.type" value="file" />

          <property name="java.vm.specification.version" value="1.8" />

          <property name="sun.cpu.endian" value="little" />

          <property name="didit.desc" value="Running your tests against your implementation." />

          <property name="sun.os.patch.level" value="unknown" />

          <property name="java.io.tmpdir" value="/var/folders/9r/vkch7mbn639c_t84ywy576xh0000gn/T/" />

          <property name="java.vendor.url.bug" value="http://bugreport.sun.com/bugreport/" />

          <property name="os.arch" value="x86_64" />

          <property name="java.awt.graphicsenv" value="sun.awt.CGraphicsEnvironment" />

          <property name="java.ext.dirs" value="/Users/Jeroen/Library/Java/Extensions:/Library/Java/JavaVirtualMachines/jdk1.8.0_131.jdk/Contents/Home/jre/lib/ext:/Library/Java/Extensions:/Network/Library/Java/Extensions:/System/Library/Java/Extensions:/usr/lib/java" />

          <property name="user.dir" value="/Users/Jeroen/Dropbox/Documenten School/MIT edX 6.005 - Software Construction in Java/6.005.2x/ps1" />

          <property name="line.separator" value="&#xa;" />

          <property name="zipfile" value="my-submission.zip" />

          <property name="java.vm.name" value="Java HotSpot(TM) 64-Bit Server VM" />

          <property name="problem.set" value="ps1" />

          <property name="basedir" value="/Users/Jeroen/Dropbox/Documenten School/MIT edX 6.005 - Software Construction in Java/6.005.2x/ps1" />

          <property name="ant.java.version" value="1.8" />

          <property name="ant.core.lib" value="/Applications/IntelliJ IDEA CE.app/Contents/lib/ant/lib/ant.jar" />

          <property name="file.encoding" value="UTF-8" />

          <property name="java.specification.version" value="1.8" />

          <property name="grader.dir" value=".grader" />

          <property name="ant.project.invoked-targets" value="all" />

      </properties>

      <testcase classname="expressivo.CommandsTest" name="testSimpleInput" time="0.4" />

      <testcase classname="expressivo.CommandsTest" name="testAssertionsEnabled" time="0.002" />

      <system-out><![CDATA[]]></system-out>

      <system-err><![CDATA[]]></system-err>

  </testsuite>
  <testsuite errors="0" failures="0" hostname="MacBook-Air.local" id="1" name="ConstantTest" package="expressivo" skipped="0" tests="8" time="5.129" timestamp="2017-07-28T14:54:47">
      <properties>
          <property name="java.vendor" value="Oracle Corporation" />

          <property name="sun.java.launcher" value="SUN_STANDARD" />

          <property name="sun.management.compiler" value="HotSpot 64-Bit Tiered Compilers" />

          <property name="build.sysclasspath" value="ignore" />

          <property name="os.name" value="Mac OS X" />

          <property name="sun.boot.class.path" value="/Library/Java/JavaVirtualMachines/jdk1.8.0_131.jdk/Contents/Home/jre/lib/resources.jar:/Library/Java/JavaVirtualMachines/jdk1.8.0_131.jdk/Contents/Home/jre/lib/rt.jar:/Library/Java/JavaVirtualMachines/jdk1.8.0_131.jdk/Contents/Home/jre/lib/sunrsasign.jar:/Library/Java/JavaVirtualMachines/jdk1.8.0_131.jdk/Contents/Home/jre/lib/jsse.jar:/Library/Java/JavaVirtualMachines/jdk1.8.0_131.jdk/Contents/Home/jre/lib/jce.jar:/Library/Java/JavaVirtualMachines/jdk1.8.0_131.jdk/Contents/Home/jre/lib/charsets.jar:/Library/Java/JavaVirtualMachines/jdk1.8.0_131.jdk/Contents/Home/jre/lib/jfr.jar:/Library/Java/JavaVirtualMachines/jdk1.8.0_131.jdk/Contents/Home/jre/classes" />

          <property name="final.grading" value="true" />

          <property name="java.vm.specification.vendor" value="Oracle Corporation" />

          <property name="ant.home" value="/Applications/IntelliJ IDEA CE.app/Contents/lib/ant" />

          <property name="java.runtime.version" value="1.8.0_131-b11" />

          <property name="user.name" value="Jeroen" />

          <property name="ant.build.javac.target" value="1.8" />

          <property name="user.language" value="nl" />

          <property name="sun.boot.library.path" value="/Library/Java/JavaVirtualMachines/jdk1.8.0_131.jdk/Contents/Home/jre/lib" />

          <property name="grader.report.file" value="my-grader-report.xml" />

          <property name="ant.project.default-target" value="all" />

          <property name="java.version" value="1.8.0_131" />

          <property name="user.timezone" value="" />

          <property name="sun.arch.data.model" value="64" />

          <property name="http.nonProxyHosts" value="local|*.local|169.254/16|*.169.254/16" />

          <property name="java.endorsed.dirs" value="/Library/Java/JavaVirtualMachines/jdk1.8.0_131.jdk/Contents/Home/jre/lib/endorsed" />

          <property name="sun.cpu.isalist" value="" />

          <property name="sun.jnu.encoding" value="UTF-8" />

          <property name="file.encoding.pkg" value="sun.io" />

          <property name="file.separator" value="/" />

          <property name="java.specification.name" value="Java Platform API Specification" />

          <property name="java.class.version" value="52.0" />

          <property name="user.country" value="NL" />

          <property name="java.home" value="/Library/Java/JavaVirtualMachines/jdk1.8.0_131.jdk/Contents/Home/jre" />

          <property name="java.vm.info" value="mixed mode" />

          <property name="ant.file" value="/Users/Jeroen/Dropbox/Documenten School/MIT edX 6.005 - Software Construction in Java/6.005.2x/ps1/grader.xml" />

          <property name="os.version" value="10.12.5" />

          <property name="final.grader.jar" value="ps1-final-grader.jar" />

          <property name="path.separator" value=":" />

          <property name="java.vm.version" value="25.131-b11" />

          <property name="ant.library.dir" value="/Applications/IntelliJ IDEA CE.app/Contents/lib/ant/lib" />

          <property name="java.awt.printerjob" value="sun.lwawt.macosx.CPrinterJob" />

          <property name="sun.io.unicode.encoding" value="UnicodeBig" />

          <property name="awt.toolkit" value="sun.lwawt.macosx.LWCToolkit" />

          <property name="socksNonProxyHosts" value="local|*.local|169.254/16|*.169.254/16" />

          <property name="ftp.nonProxyHosts" value="local|*.local|169.254/16|*.169.254/16" />

          <property name="user.home" value="/Users/Jeroen" />

          <property name="java.specification.vendor" value="Oracle Corporation" />

          <property name="which.tests.ran" value="BETA + FINAL" />

          <property name="java.library.path" value="/Users/Jeroen/Library/Java/Extensions:/Library/Java/Extensions:/Network/Library/Java/Extensions:/System/Library/Java/Extensions:/usr/lib/java:." />

          <property name="java.vendor.url" value="http://java.oracle.com/" />

          <property name="java.vm.vendor" value="Oracle Corporation" />

          <property name="gopherProxySet" value="false" />

          <property name="java.runtime.name" value="Java(TM) SE Runtime Environment" />

          <property name="beta.grader.jar" value="ps1-beta-grader.jar" />

          <property name="sun.java.command" value="org.apache.tools.ant.taskdefs.optional.junit.JUnitTestRunner expressivo.ConstantTest skipNonTests=false filtertrace=true haltOnError=false haltOnFailure=false showoutput=false outputtoformatters=true logfailedtests=true threadid=0 logtestlistenerevents=false formatter=org.apache.tools.ant.taskdefs.optional.junit.XMLJUnitResultFormatter,/Users/Jeroen/Dropbox/Documenten School/MIT edX 6.005 - Software Construction in Java/6.005.2x/ps1/.grader/TEST-expressivo.ConstantTest.xml crashfile=/Users/Jeroen/Dropbox/Documenten School/MIT edX 6.005 - Software Construction in Java/6.005.2x/ps1/.grader/junitvmwatcher1068070236076258009.properties propsfile=/Users/Jeroen/Dropbox/Documenten School/MIT edX 6.005 - Software Construction in Java/6.005.2x/ps1/.grader/junit3266985297866425522.properties" />

          <property name="java.class.path" value="/Users/Jeroen/Dropbox/Documenten School/MIT edX 6.005 - Software Construction in Java/6.005.2x/ps1/lib/junit-4.12.jar:/Users/Jeroen/Dropbox/Documenten School/MIT edX 6.005 - Software Construction in Java/6.005.2x/ps1/lib/hamcrest-core-1.3.jar:/Users/Jeroen/Dropbox/Documenten School/MIT edX 6.005 - Software Construction in Java/6.005.2x/ps1/lib/parserlib.jar:/Users/Jeroen/Dropbox/Documenten School/MIT edX 6.005 - Software Construction in Java/6.005.2x/ps1/.grader/bin-student:/Applications/IntelliJ IDEA CE.app/Contents/lib/ant/lib/ant-launcher.jar:/Applications/IntelliJ IDEA CE.app/Contents/lib/ant/lib/ant.jar:/Applications/IntelliJ IDEA CE.app/Contents/lib/ant/lib/ant-junit.jar:/Applications/IntelliJ IDEA CE.app/Contents/lib/ant/lib/ant-junit4.jar" />

          <property name="ant.version" value="Apache Ant(TM) version 1.9.4 compiled on April 29 2014" />

          <property name="project.name" value="ps1-expressivo" />

          <property name="java.vm.specification.name" value="Java Virtual Machine Specification" />

          <property name="ant.file.type" value="file" />

          <property name="java.vm.specification.version" value="1.8" />

          <property name="sun.cpu.endian" value="little" />

          <property name="didit.desc" value="Running your tests against your implementation." />

          <property name="sun.os.patch.level" value="unknown" />

          <property name="java.io.tmpdir" value="/var/folders/9r/vkch7mbn639c_t84ywy576xh0000gn/T/" />

          <property name="java.vendor.url.bug" value="http://bugreport.sun.com/bugreport/" />

          <property name="os.arch" value="x86_64" />

          <property name="java.awt.graphicsenv" value="sun.awt.CGraphicsEnvironment" />

          <property name="java.ext.dirs" value="/Users/Jeroen/Library/Java/Extensions:/Library/Java/JavaVirtualMachines/jdk1.8.0_131.jdk/Contents/Home/jre/lib/ext:/Library/Java/Extensions:/Network/Library/Java/Extensions:/System/Library/Java/Extensions:/usr/lib/java" />

          <property name="user.dir" value="/Users/Jeroen/Dropbox/Documenten School/MIT edX 6.005 - Software Construction in Java/6.005.2x/ps1" />

          <property name="line.separator" value="&#xa;" />

          <property name="zipfile" value="my-submission.zip" />

          <property name="java.vm.name" value="Java HotSpot(TM) 64-Bit Server VM" />

          <property name="problem.set" value="ps1" />

          <property name="basedir" value="/Users/Jeroen/Dropbox/Documenten School/MIT edX 6.005 - Software Construction in Java/6.005.2x/ps1" />

          <property name="ant.java.version" value="1.8" />

          <property name="ant.core.lib" value="/Applications/IntelliJ IDEA CE.app/Contents/lib/ant/lib/ant.jar" />

          <property name="file.encoding" value="UTF-8" />

          <property name="java.specification.version" value="1.8" />

          <property name="grader.dir" value=".grader" />

          <property name="ant.project.invoked-targets" value="all" />

      </properties>

      <testcase classname="expressivo.ConstantTest" name="testIsConstant" time="0.006" />

      <testcase classname="expressivo.ConstantTest" name="testGetValue" time="0.0" />

      <testcase classname="expressivo.ConstantTest" name="testToString" time="0.0" />

      <testcase classname="expressivo.ConstantTest" name="testDifferentiate" time="0.001" />

      <testcase classname="expressivo.ConstantTest" name="testIsProduct" time="0.0" />

      <testcase classname="expressivo.ConstantTest" name="testEqualsAndHash" time="0.0" />

      <testcase classname="expressivo.ConstantTest" name="testSimplify" time="0.0" />

      <testcase classname="expressivo.ConstantTest" name="testIsVariable" time="0.001" />

      <system-out><![CDATA[]]></system-out>

      <system-err><![CDATA[]]></system-err>

  </testsuite>
  <testsuite errors="1" failures="0" hostname="MacBook-Air.local" id="2" name="ExpressionTest" package="expressivo" skipped="0" tests="1" time="0.0" timestamp="2017-07-28T14:55:00">
      <properties>
          <property name="java.vendor" value="Oracle Corporation" />

          <property name="sun.java.launcher" value="SUN_STANDARD" />

          <property name="sun.management.compiler" value="HotSpot 64-Bit Tiered Compilers" />

          <property name="build.sysclasspath" value="ignore" />

          <property name="os.name" value="Mac OS X" />

          <property name="sun.boot.class.path" value="/Library/Java/JavaVirtualMachines/jdk1.8.0_131.jdk/Contents/Home/jre/lib/resources.jar:/Library/Java/JavaVirtualMachines/jdk1.8.0_131.jdk/Contents/Home/jre/lib/rt.jar:/Library/Java/JavaVirtualMachines/jdk1.8.0_131.jdk/Contents/Home/jre/lib/sunrsasign.jar:/Library/Java/JavaVirtualMachines/jdk1.8.0_131.jdk/Contents/Home/jre/lib/jsse.jar:/Library/Java/JavaVirtualMachines/jdk1.8.0_131.jdk/Contents/Home/jre/lib/jce.jar:/Library/Java/JavaVirtualMachines/jdk1.8.0_131.jdk/Contents/Home/jre/lib/charsets.jar:/Library/Java/JavaVirtualMachines/jdk1.8.0_131.jdk/Contents/Home/jre/lib/jfr.jar:/Library/Java/JavaVirtualMachines/jdk1.8.0_131.jdk/Contents/Home/jre/classes" />

          <property name="final.grading" value="true" />

          <property name="java.vm.specification.vendor" value="Oracle Corporation" />

          <property name="ant.home" value="/Applications/IntelliJ IDEA CE.app/Contents/lib/ant" />

          <property name="java.runtime.version" value="1.8.0_131-b11" />

          <property name="user.name" value="Jeroen" />

          <property name="ant.build.javac.target" value="1.8" />

          <property name="user.language" value="nl" />

          <property name="sun.boot.library.path" value="/Library/Java/JavaVirtualMachines/jdk1.8.0_131.jdk/Contents/Home/jre/lib" />

          <property name="grader.report.file" value="my-grader-report.xml" />

          <property name="ant.project.default-target" value="all" />

          <property name="java.version" value="1.8.0_131" />

          <property name="user.timezone" value="" />

          <property name="sun.arch.data.model" value="64" />

          <property name="http.nonProxyHosts" value="local|*.local|169.254/16|*.169.254/16" />

          <property name="java.endorsed.dirs" value="/Library/Java/JavaVirtualMachines/jdk1.8.0_131.jdk/Contents/Home/jre/lib/endorsed" />

          <property name="sun.cpu.isalist" value="" />

          <property name="sun.jnu.encoding" value="UTF-8" />

          <property name="file.encoding.pkg" value="sun.io" />

          <property name="file.separator" value="/" />

          <property name="java.specification.name" value="Java Platform API Specification" />

          <property name="java.class.version" value="52.0" />

          <property name="user.country" value="NL" />

          <property name="java.home" value="/Library/Java/JavaVirtualMachines/jdk1.8.0_131.jdk/Contents/Home/jre" />

          <property name="java.vm.info" value="mixed mode" />

          <property name="ant.file" value="/Users/Jeroen/Dropbox/Documenten School/MIT edX 6.005 - Software Construction in Java/6.005.2x/ps1/grader.xml" />

          <property name="os.version" value="10.12.5" />

          <property name="final.grader.jar" value="ps1-final-grader.jar" />

          <property name="path.separator" value=":" />

          <property name="java.vm.version" value="25.131-b11" />

          <property name="ant.library.dir" value="/Applications/IntelliJ IDEA CE.app/Contents/lib/ant/lib" />

          <property name="java.awt.printerjob" value="sun.lwawt.macosx.CPrinterJob" />

          <property name="sun.io.unicode.encoding" value="UnicodeBig" />

          <property name="awt.toolkit" value="sun.lwawt.macosx.LWCToolkit" />

          <property name="socksNonProxyHosts" value="local|*.local|169.254/16|*.169.254/16" />

          <property name="ftp.nonProxyHosts" value="local|*.local|169.254/16|*.169.254/16" />

          <property name="user.home" value="/Users/Jeroen" />

          <property name="java.specification.vendor" value="Oracle Corporation" />

          <property name="which.tests.ran" value="BETA + FINAL" />

          <property name="java.library.path" value="/Users/Jeroen/Library/Java/Extensions:/Library/Java/Extensions:/Network/Library/Java/Extensions:/System/Library/Java/Extensions:/usr/lib/java:." />

          <property name="java.vendor.url" value="http://java.oracle.com/" />

          <property name="java.vm.vendor" value="Oracle Corporation" />

          <property name="gopherProxySet" value="false" />

          <property name="java.runtime.name" value="Java(TM) SE Runtime Environment" />

          <property name="beta.grader.jar" value="ps1-beta-grader.jar" />

          <property name="sun.java.command" value="com.intellij.rt.ant.execution.AntMain2 -logger com.intellij.rt.ant.execution.IdeaAntLogger2 -inputhandler com.intellij.rt.ant.execution.IdeaInputHandler -buildfile /Users/Jeroen/Dropbox/Documenten School/MIT edX 6.005 - Software Construction in Java/6.005.2x/ps1/grader.xml" />

          <property name="java.class.path" value="/Library/Java/JavaVirtualMachines/jdk1.8.0_131.jdk/Contents/Home/lib/ant-javafx.jar:/Library/Java/JavaVirtualMachines/jdk1.8.0_131.jdk/Contents/Home/lib/dt.jar:/Library/Java/JavaVirtualMachines/jdk1.8.0_131.jdk/Contents/Home/lib/javafx-mx.jar:/Library/Java/JavaVirtualMachines/jdk1.8.0_131.jdk/Contents/Home/lib/jconsole.jar:/Library/Java/JavaVirtualMachines/jdk1.8.0_131.jdk/Contents/Home/lib/packager.jar:/Library/Java/JavaVirtualMachines/jdk1.8.0_131.jdk/Contents/Home/lib/sa-jdi.jar:/Library/Java/JavaVirtualMachines/jdk1.8.0_131.jdk/Contents/Home/lib/tools.jar:/Applications/IntelliJ IDEA CE.app/Contents/lib/ant/lib/ant-antlr.jar:/Applications/IntelliJ IDEA CE.app/Contents/lib/ant/lib/ant-apache-bcel.jar:/Applications/IntelliJ IDEA CE.app/Contents/lib/ant/lib/ant-apache-bsf.jar:/Applications/IntelliJ IDEA CE.app/Contents/lib/ant/lib/ant-apache-log4j.jar:/Applications/IntelliJ IDEA CE.app/Contents/lib/ant/lib/ant-apache-oro.jar:/Applications/IntelliJ IDEA CE.app/Contents/lib/ant/lib/ant-apache-regexp.jar:/Applications/IntelliJ IDEA CE.app/Contents/lib/ant/lib/ant-apache-resolver.jar:/Applications/IntelliJ IDEA CE.app/Contents/lib/ant/lib/ant-apache-xalan2.jar:/Applications/IntelliJ IDEA CE.app/Contents/lib/ant/lib/ant-commons-logging.jar:/Applications/IntelliJ IDEA CE.app/Contents/lib/ant/lib/ant-commons-net.jar:/Applications/IntelliJ IDEA CE.app/Contents/lib/ant/lib/ant-jai.jar:/Applications/IntelliJ IDEA CE.app/Contents/lib/ant/lib/ant-javamail.jar:/Applications/IntelliJ IDEA CE.app/Contents/lib/ant/lib/ant-jdepend.jar:/Applications/IntelliJ IDEA CE.app/Contents/lib/ant/lib/ant-jmf.jar:/Applications/IntelliJ IDEA CE.app/Contents/lib/ant/lib/ant-jsch.jar:/Applications/IntelliJ IDEA CE.app/Contents/lib/ant/lib/ant-junit.jar:/Applications/IntelliJ IDEA CE.app/Contents/lib/ant/lib/ant-junit4.jar:/Applications/IntelliJ IDEA CE.app/Contents/lib/ant/lib/ant-launcher.jar:/Applications/IntelliJ IDEA CE.app/Contents/lib/ant/lib/ant-netrexx.jar:/Applications/IntelliJ IDEA CE.app/Contents/lib/ant/lib/ant-swing.jar:/Applications/IntelliJ IDEA CE.app/Contents/lib/ant/lib/ant-testutil.jar:/Applications/IntelliJ IDEA CE.app/Contents/lib/ant/lib/ant.jar:/Applications/IntelliJ IDEA CE.app/Contents/lib/idea_rt.jar" />

          <property name="ant.version" value="Apache Ant(TM) version 1.9.4 compiled on April 29 2014" />

          <property name="project.name" value="ps1-expressivo" />

          <property name="java.vm.specification.name" value="Java Virtual Machine Specification" />

          <property name="ant.file.type" value="file" />

          <property name="java.vm.specification.version" value="1.8" />

          <property name="sun.cpu.endian" value="little" />

          <property name="sun.os.patch.level" value="unknown" />

          <property name="java.io.tmpdir" value="/var/folders/9r/vkch7mbn639c_t84ywy576xh0000gn/T/" />

          <property name="java.vendor.url.bug" value="http://bugreport.sun.com/bugreport/" />

          <property name="os.arch" value="x86_64" />

          <property name="java.awt.graphicsenv" value="sun.awt.CGraphicsEnvironment" />

          <property name="java.ext.dirs" value="/Users/Jeroen/Library/Java/Extensions:/Library/Java/JavaVirtualMachines/jdk1.8.0_131.jdk/Contents/Home/jre/lib/ext:/Library/Java/Extensions:/Network/Library/Java/Extensions:/System/Library/Java/Extensions:/usr/lib/java" />

          <property name="user.dir" value="/Users/Jeroen/Dropbox/Documenten School/MIT edX 6.005 - Software Construction in Java/6.005.2x/ps1" />

          <property name="line.separator" value="&#xa;" />

          <property name="zipfile" value="my-submission.zip" />

          <property name="java.vm.name" value="Java HotSpot(TM) 64-Bit Server VM" />

          <property name="problem.set" value="ps1" />

          <property name="basedir" value="/Users/Jeroen/Dropbox/Documenten School/MIT edX 6.005 - Software Construction in Java/6.005.2x/ps1" />

          <property name="ant.java.version" value="1.8" />

          <property name="ant.core.lib" value="/Applications/IntelliJ IDEA CE.app/Contents/lib/ant/lib/ant.jar" />

          <property name="file.encoding" value="UTF-8" />

          <property name="java.specification.version" value="1.8" />

          <property name="grader.dir" value=".grader" />

          <property name="ant.project.invoked-targets" value="all" />

      </properties>

      <testcase classname="expressivo.ExpressionTest" name="testValidInputParser" time="0.0">
          <error message="Timeout occurred. Please note the time in the report does not reflect the time until the timeout." type="junit.framework.AssertionFailedError">junit.framework.AssertionFailedError: Timeout occurred. Please note the time in the report does not reflect the time until the timeout.
	at com.intellij.rt.ant.execution.AntMain2.main(AntMain2.java:30)
</error>

      </testcase>

  </testsuite>
  <testsuite errors="0" failures="0" hostname="MacBook-Air.local" id="3" name="ProductTest" package="expressivo" skipped="0" tests="10" time="5.404" timestamp="2017-07-28T14:55:06">
      <properties>
          <property name="java.vendor" value="Oracle Corporation" />

          <property name="sun.java.launcher" value="SUN_STANDARD" />

          <property name="sun.management.compiler" value="HotSpot 64-Bit Tiered Compilers" />

          <property name="build.sysclasspath" value="ignore" />

          <property name="os.name" value="Mac OS X" />

          <property name="sun.boot.class.path" value="/Library/Java/JavaVirtualMachines/jdk1.8.0_131.jdk/Contents/Home/jre/lib/resources.jar:/Library/Java/JavaVirtualMachines/jdk1.8.0_131.jdk/Contents/Home/jre/lib/rt.jar:/Library/Java/JavaVirtualMachines/jdk1.8.0_131.jdk/Contents/Home/jre/lib/sunrsasign.jar:/Library/Java/JavaVirtualMachines/jdk1.8.0_131.jdk/Contents/Home/jre/lib/jsse.jar:/Library/Java/JavaVirtualMachines/jdk1.8.0_131.jdk/Contents/Home/jre/lib/jce.jar:/Library/Java/JavaVirtualMachines/jdk1.8.0_131.jdk/Contents/Home/jre/lib/charsets.jar:/Library/Java/JavaVirtualMachines/jdk1.8.0_131.jdk/Contents/Home/jre/lib/jfr.jar:/Library/Java/JavaVirtualMachines/jdk1.8.0_131.jdk/Contents/Home/jre/classes" />

          <property name="final.grading" value="true" />

          <property name="java.vm.specification.vendor" value="Oracle Corporation" />

          <property name="ant.home" value="/Applications/IntelliJ IDEA CE.app/Contents/lib/ant" />

          <property name="java.runtime.version" value="1.8.0_131-b11" />

          <property name="user.name" value="Jeroen" />

          <property name="ant.build.javac.target" value="1.8" />

          <property name="user.language" value="nl" />

          <property name="sun.boot.library.path" value="/Library/Java/JavaVirtualMachines/jdk1.8.0_131.jdk/Contents/Home/jre/lib" />

          <property name="grader.report.file" value="my-grader-report.xml" />

          <property name="ant.project.default-target" value="all" />

          <property name="java.version" value="1.8.0_131" />

          <property name="user.timezone" value="" />

          <property name="sun.arch.data.model" value="64" />

          <property name="http.nonProxyHosts" value="local|*.local|169.254/16|*.169.254/16" />

          <property name="java.endorsed.dirs" value="/Library/Java/JavaVirtualMachines/jdk1.8.0_131.jdk/Contents/Home/jre/lib/endorsed" />

          <property name="sun.cpu.isalist" value="" />

          <property name="sun.jnu.encoding" value="UTF-8" />

          <property name="file.encoding.pkg" value="sun.io" />

          <property name="file.separator" value="/" />

          <property name="java.specification.name" value="Java Platform API Specification" />

          <property name="java.class.version" value="52.0" />

          <property name="user.country" value="NL" />

          <property name="java.home" value="/Library/Java/JavaVirtualMachines/jdk1.8.0_131.jdk/Contents/Home/jre" />

          <property name="java.vm.info" value="mixed mode" />

          <property name="ant.file" value="/Users/Jeroen/Dropbox/Documenten School/MIT edX 6.005 - Software Construction in Java/6.005.2x/ps1/grader.xml" />

          <property name="os.version" value="10.12.5" />

          <property name="final.grader.jar" value="ps1-final-grader.jar" />

          <property name="path.separator" value=":" />

          <property name="java.vm.version" value="25.131-b11" />

          <property name="ant.library.dir" value="/Applications/IntelliJ IDEA CE.app/Contents/lib/ant/lib" />

          <property name="java.awt.printerjob" value="sun.lwawt.macosx.CPrinterJob" />

          <property name="sun.io.unicode.encoding" value="UnicodeBig" />

          <property name="awt.toolkit" value="sun.lwawt.macosx.LWCToolkit" />

          <property name="socksNonProxyHosts" value="local|*.local|169.254/16|*.169.254/16" />

          <property name="ftp.nonProxyHosts" value="local|*.local|169.254/16|*.169.254/16" />

          <property name="user.home" value="/Users/Jeroen" />

          <property name="java.specification.vendor" value="Oracle Corporation" />

          <property name="which.tests.ran" value="BETA + FINAL" />

          <property name="java.library.path" value="/Users/Jeroen/Library/Java/Extensions:/Library/Java/Extensions:/Network/Library/Java/Extensions:/System/Library/Java/Extensions:/usr/lib/java:." />

          <property name="java.vendor.url" value="http://java.oracle.com/" />

          <property name="java.vm.vendor" value="Oracle Corporation" />

          <property name="gopherProxySet" value="false" />

          <property name="java.runtime.name" value="Java(TM) SE Runtime Environment" />

          <property name="beta.grader.jar" value="ps1-beta-grader.jar" />

          <property name="sun.java.command" value="org.apache.tools.ant.taskdefs.optional.junit.JUnitTestRunner expressivo.ProductTest skipNonTests=false filtertrace=true haltOnError=false haltOnFailure=false showoutput=false outputtoformatters=true logfailedtests=true threadid=0 logtestlistenerevents=false formatter=org.apache.tools.ant.taskdefs.optional.junit.XMLJUnitResultFormatter,/Users/Jeroen/Dropbox/Documenten School/MIT edX 6.005 - Software Construction in Java/6.005.2x/ps1/.grader/TEST-expressivo.ProductTest.xml crashfile=/Users/Jeroen/Dropbox/Documenten School/MIT edX 6.005 - Software Construction in Java/6.005.2x/ps1/.grader/junitvmwatcher2346165224908606839.properties propsfile=/Users/Jeroen/Dropbox/Documenten School/MIT edX 6.005 - Software Construction in Java/6.005.2x/ps1/.grader/junit8377037943270879309.properties" />

          <property name="java.class.path" value="/Users/Jeroen/Dropbox/Documenten School/MIT edX 6.005 - Software Construction in Java/6.005.2x/ps1/lib/junit-4.12.jar:/Users/Jeroen/Dropbox/Documenten School/MIT edX 6.005 - Software Construction in Java/6.005.2x/ps1/lib/hamcrest-core-1.3.jar:/Users/Jeroen/Dropbox/Documenten School/MIT edX 6.005 - Software Construction in Java/6.005.2x/ps1/lib/parserlib.jar:/Users/Jeroen/Dropbox/Documenten School/MIT edX 6.005 - Software Construction in Java/6.005.2x/ps1/.grader/bin-student:/Applications/IntelliJ IDEA CE.app/Contents/lib/ant/lib/ant-launcher.jar:/Applications/IntelliJ IDEA CE.app/Contents/lib/ant/lib/ant.jar:/Applications/IntelliJ IDEA CE.app/Contents/lib/ant/lib/ant-junit.jar:/Applications/IntelliJ IDEA CE.app/Contents/lib/ant/lib/ant-junit4.jar" />

          <property name="ant.version" value="Apache Ant(TM) version 1.9.4 compiled on April 29 2014" />

          <property name="project.name" value="ps1-expressivo" />

          <property name="java.vm.specification.name" value="Java Virtual Machine Specification" />

          <property name="ant.file.type" value="file" />

          <property name="java.vm.specification.version" value="1.8" />

          <property name="sun.cpu.endian" value="little" />

          <property name="didit.desc" value="Running your tests against your implementation." />

          <property name="sun.os.patch.level" value="unknown" />

          <property name="java.io.tmpdir" value="/var/folders/9r/vkch7mbn639c_t84ywy576xh0000gn/T/" />

          <property name="java.vendor.url.bug" value="http://bugreport.sun.com/bugreport/" />

          <property name="os.arch" value="x86_64" />

          <property name="java.awt.graphicsenv" value="sun.awt.CGraphicsEnvironment" />

          <property name="java.ext.dirs" value="/Users/Jeroen/Library/Java/Extensions:/Library/Java/JavaVirtualMachines/jdk1.8.0_131.jdk/Contents/Home/jre/lib/ext:/Library/Java/Extensions:/Network/Library/Java/Extensions:/System/Library/Java/Extensions:/usr/lib/java" />

          <property name="user.dir" value="/Users/Jeroen/Dropbox/Documenten School/MIT edX 6.005 - Software Construction in Java/6.005.2x/ps1" />

          <property name="line.separator" value="&#xa;" />

          <property name="zipfile" value="my-submission.zip" />

          <property name="java.vm.name" value="Java HotSpot(TM) 64-Bit Server VM" />

          <property name="problem.set" value="ps1" />

          <property name="basedir" value="/Users/Jeroen/Dropbox/Documenten School/MIT edX 6.005 - Software Construction in Java/6.005.2x/ps1" />

          <property name="ant.java.version" value="1.8" />

          <property name="ant.core.lib" value="/Applications/IntelliJ IDEA CE.app/Contents/lib/ant/lib/ant.jar" />

          <property name="file.encoding" value="UTF-8" />

          <property name="java.specification.version" value="1.8" />

          <property name="grader.dir" value=".grader" />

          <property name="ant.project.invoked-targets" value="all" />

      </properties>

      <testcase classname="expressivo.ProductTest" name="testIsConstant" time="0.004" />

      <testcase classname="expressivo.ProductTest" name="testGetRight" time="0.025" />

      <testcase classname="expressivo.ProductTest" name="testDifferentiateAndSimplifyCombo" time="0.003" />

      <testcase classname="expressivo.ProductTest" name="testToString" time="0.0" />

      <testcase classname="expressivo.ProductTest" name="testDifferentiate" time="0.001" />

      <testcase classname="expressivo.ProductTest" name="testGetLeft" time="0.0" />

      <testcase classname="expressivo.ProductTest" name="testIsProduct" time="0.001" />

      <testcase classname="expressivo.ProductTest" name="testEqualsAndHash" time="0.0" />

      <testcase classname="expressivo.ProductTest" name="testSimplify" time="0.0" />

      <testcase classname="expressivo.ProductTest" name="testIsVariable" time="0.001" />

      <system-out><![CDATA[]]></system-out>

      <system-err><![CDATA[]]></system-err>

  </testsuite>
  <testsuite errors="0" failures="0" hostname="MacBook-Air.local" id="4" name="SumTest" package="expressivo" skipped="0" tests="9" time="5.132" timestamp="2017-07-28T14:55:12">
      <properties>
          <property name="java.vendor" value="Oracle Corporation" />

          <property name="sun.java.launcher" value="SUN_STANDARD" />

          <property name="sun.management.compiler" value="HotSpot 64-Bit Tiered Compilers" />

          <property name="build.sysclasspath" value="ignore" />

          <property name="os.name" value="Mac OS X" />

          <property name="sun.boot.class.path" value="/Library/Java/JavaVirtualMachines/jdk1.8.0_131.jdk/Contents/Home/jre/lib/resources.jar:/Library/Java/JavaVirtualMachines/jdk1.8.0_131.jdk/Contents/Home/jre/lib/rt.jar:/Library/Java/JavaVirtualMachines/jdk1.8.0_131.jdk/Contents/Home/jre/lib/sunrsasign.jar:/Library/Java/JavaVirtualMachines/jdk1.8.0_131.jdk/Contents/Home/jre/lib/jsse.jar:/Library/Java/JavaVirtualMachines/jdk1.8.0_131.jdk/Contents/Home/jre/lib/jce.jar:/Library/Java/JavaVirtualMachines/jdk1.8.0_131.jdk/Contents/Home/jre/lib/charsets.jar:/Library/Java/JavaVirtualMachines/jdk1.8.0_131.jdk/Contents/Home/jre/lib/jfr.jar:/Library/Java/JavaVirtualMachines/jdk1.8.0_131.jdk/Contents/Home/jre/classes" />

          <property name="final.grading" value="true" />

          <property name="java.vm.specification.vendor" value="Oracle Corporation" />

          <property name="ant.home" value="/Applications/IntelliJ IDEA CE.app/Contents/lib/ant" />

          <property name="java.runtime.version" value="1.8.0_131-b11" />

          <property name="user.name" value="Jeroen" />

          <property name="ant.build.javac.target" value="1.8" />

          <property name="user.language" value="nl" />

          <property name="sun.boot.library.path" value="/Library/Java/JavaVirtualMachines/jdk1.8.0_131.jdk/Contents/Home/jre/lib" />

          <property name="grader.report.file" value="my-grader-report.xml" />

          <property name="ant.project.default-target" value="all" />

          <property name="java.version" value="1.8.0_131" />

          <property name="user.timezone" value="" />

          <property name="sun.arch.data.model" value="64" />

          <property name="http.nonProxyHosts" value="local|*.local|169.254/16|*.169.254/16" />

          <property name="java.endorsed.dirs" value="/Library/Java/JavaVirtualMachines/jdk1.8.0_131.jdk/Contents/Home/jre/lib/endorsed" />

          <property name="sun.cpu.isalist" value="" />

          <property name="sun.jnu.encoding" value="UTF-8" />

          <property name="file.encoding.pkg" value="sun.io" />

          <property name="file.separator" value="/" />

          <property name="java.specification.name" value="Java Platform API Specification" />

          <property name="java.class.version" value="52.0" />

          <property name="user.country" value="NL" />

          <property name="java.home" value="/Library/Java/JavaVirtualMachines/jdk1.8.0_131.jdk/Contents/Home/jre" />

          <property name="java.vm.info" value="mixed mode" />

          <property name="ant.file" value="/Users/Jeroen/Dropbox/Documenten School/MIT edX 6.005 - Software Construction in Java/6.005.2x/ps1/grader.xml" />

          <property name="os.version" value="10.12.5" />

          <property name="final.grader.jar" value="ps1-final-grader.jar" />

          <property name="path.separator" value=":" />

          <property name="java.vm.version" value="25.131-b11" />

          <property name="ant.library.dir" value="/Applications/IntelliJ IDEA CE.app/Contents/lib/ant/lib" />

          <property name="java.awt.printerjob" value="sun.lwawt.macosx.CPrinterJob" />

          <property name="sun.io.unicode.encoding" value="UnicodeBig" />

          <property name="awt.toolkit" value="sun.lwawt.macosx.LWCToolkit" />

          <property name="socksNonProxyHosts" value="local|*.local|169.254/16|*.169.254/16" />

          <property name="ftp.nonProxyHosts" value="local|*.local|169.254/16|*.169.254/16" />

          <property name="user.home" value="/Users/Jeroen" />

          <property name="java.specification.vendor" value="Oracle Corporation" />

          <property name="which.tests.ran" value="BETA + FINAL" />

          <property name="java.library.path" value="/Users/Jeroen/Library/Java/Extensions:/Library/Java/Extensions:/Network/Library/Java/Extensions:/System/Library/Java/Extensions:/usr/lib/java:." />

          <property name="java.vendor.url" value="http://java.oracle.com/" />

          <property name="java.vm.vendor" value="Oracle Corporation" />

          <property name="gopherProxySet" value="false" />

          <property name="java.runtime.name" value="Java(TM) SE Runtime Environment" />

          <property name="beta.grader.jar" value="ps1-beta-grader.jar" />

          <property name="sun.java.command" value="org.apache.tools.ant.taskdefs.optional.junit.JUnitTestRunner expressivo.SumTest skipNonTests=false filtertrace=true haltOnError=false haltOnFailure=false showoutput=false outputtoformatters=true logfailedtests=true threadid=0 logtestlistenerevents=false formatter=org.apache.tools.ant.taskdefs.optional.junit.XMLJUnitResultFormatter,/Users/Jeroen/Dropbox/Documenten School/MIT edX 6.005 - Software Construction in Java/6.005.2x/ps1/.grader/TEST-expressivo.SumTest.xml crashfile=/Users/Jeroen/Dropbox/Documenten School/MIT edX 6.005 - Software Construction in Java/6.005.2x/ps1/.grader/junitvmwatcher2001107643678412209.properties propsfile=/Users/Jeroen/Dropbox/Documenten School/MIT edX 6.005 - Software Construction in Java/6.005.2x/ps1/.grader/junit374968078227281054.properties" />

          <property name="java.class.path" value="/Users/Jeroen/Dropbox/Documenten School/MIT edX 6.005 - Software Construction in Java/6.005.2x/ps1/lib/junit-4.12.jar:/Users/Jeroen/Dropbox/Documenten School/MIT edX 6.005 - Software Construction in Java/6.005.2x/ps1/lib/hamcrest-core-1.3.jar:/Users/Jeroen/Dropbox/Documenten School/MIT edX 6.005 - Software Construction in Java/6.005.2x/ps1/lib/parserlib.jar:/Users/Jeroen/Dropbox/Documenten School/MIT edX 6.005 - Software Construction in Java/6.005.2x/ps1/.grader/bin-student:/Applications/IntelliJ IDEA CE.app/Contents/lib/ant/lib/ant-launcher.jar:/Applications/IntelliJ IDEA CE.app/Contents/lib/ant/lib/ant.jar:/Applications/IntelliJ IDEA CE.app/Contents/lib/ant/lib/ant-junit.jar:/Applications/IntelliJ IDEA CE.app/Contents/lib/ant/lib/ant-junit4.jar" />

          <property name="ant.version" value="Apache Ant(TM) version 1.9.4 compiled on April 29 2014" />

          <property name="project.name" value="ps1-expressivo" />

          <property name="java.vm.specification.name" value="Java Virtual Machine Specification" />

          <property name="ant.file.type" value="file" />

          <property name="java.vm.specification.version" value="1.8" />

          <property name="sun.cpu.endian" value="little" />

          <property name="didit.desc" value="Running your tests against your implementation." />

          <property name="sun.os.patch.level" value="unknown" />

          <property name="java.io.tmpdir" value="/var/folders/9r/vkch7mbn639c_t84ywy576xh0000gn/T/" />

          <property name="java.vendor.url.bug" value="http://bugreport.sun.com/bugreport/" />

          <property name="os.arch" value="x86_64" />

          <property name="java.awt.graphicsenv" value="sun.awt.CGraphicsEnvironment" />

          <property name="java.ext.dirs" value="/Users/Jeroen/Library/Java/Extensions:/Library/Java/JavaVirtualMachines/jdk1.8.0_131.jdk/Contents/Home/jre/lib/ext:/Library/Java/Extensions:/Network/Library/Java/Extensions:/System/Library/Java/Extensions:/usr/lib/java" />

          <property name="user.dir" value="/Users/Jeroen/Dropbox/Documenten School/MIT edX 6.005 - Software Construction in Java/6.005.2x/ps1" />

          <property name="line.separator" value="&#xa;" />

          <property name="zipfile" value="my-submission.zip" />

          <property name="java.vm.name" value="Java HotSpot(TM) 64-Bit Server VM" />

          <property name="problem.set" value="ps1" />

          <property name="basedir" value="/Users/Jeroen/Dropbox/Documenten School/MIT edX 6.005 - Software Construction in Java/6.005.2x/ps1" />

          <property name="ant.java.version" value="1.8" />

          <property name="ant.core.lib" value="/Applications/IntelliJ IDEA CE.app/Contents/lib/ant/lib/ant.jar" />

          <property name="file.encoding" value="UTF-8" />

          <property name="java.specification.version" value="1.8" />

          <property name="grader.dir" value=".grader" />

          <property name="ant.project.invoked-targets" value="all" />

      </properties>

      <testcase classname="expressivo.SumTest" name="testIsConstant" time="0.002" />

      <testcase classname="expressivo.SumTest" name="testGetRight" time="0.001" />

      <testcase classname="expressivo.SumTest" name="testToString" time="0.001" />

      <testcase classname="expressivo.SumTest" name="testDifferentiate" time="0.001" />

      <testcase classname="expressivo.SumTest" name="testGetLeft" time="0.0" />

      <testcase classname="expressivo.SumTest" name="testIsProduct" time="0.0" />

      <testcase classname="expressivo.SumTest" name="testEqualsAndHash" time="0.0" />

      <testcase classname="expressivo.SumTest" name="testSimplify" time="0.0" />

      <testcase classname="expressivo.SumTest" name="testIsVariable" time="0.0" />

      <system-out><![CDATA[]]></system-out>

      <system-err><![CDATA[]]></system-err>

  </testsuite>
  <testsuite errors="0" failures="0" hostname="MacBook-Air.local" id="5" name="VariableTest" package="expressivo" skipped="0" tests="8" time="5.191" timestamp="2017-07-28T14:55:18">
      <properties>
          <property name="java.vendor" value="Oracle Corporation" />

          <property name="sun.java.launcher" value="SUN_STANDARD" />

          <property name="sun.management.compiler" value="HotSpot 64-Bit Tiered Compilers" />

          <property name="build.sysclasspath" value="ignore" />

          <property name="os.name" value="Mac OS X" />

          <property name="sun.boot.class.path" value="/Library/Java/JavaVirtualMachines/jdk1.8.0_131.jdk/Contents/Home/jre/lib/resources.jar:/Library/Java/JavaVirtualMachines/jdk1.8.0_131.jdk/Contents/Home/jre/lib/rt.jar:/Library/Java/JavaVirtualMachines/jdk1.8.0_131.jdk/Contents/Home/jre/lib/sunrsasign.jar:/Library/Java/JavaVirtualMachines/jdk1.8.0_131.jdk/Contents/Home/jre/lib/jsse.jar:/Library/Java/JavaVirtualMachines/jdk1.8.0_131.jdk/Contents/Home/jre/lib/jce.jar:/Library/Java/JavaVirtualMachines/jdk1.8.0_131.jdk/Contents/Home/jre/lib/charsets.jar:/Library/Java/JavaVirtualMachines/jdk1.8.0_131.jdk/Contents/Home/jre/lib/jfr.jar:/Library/Java/JavaVirtualMachines/jdk1.8.0_131.jdk/Contents/Home/jre/classes" />

          <property name="final.grading" value="true" />

          <property name="java.vm.specification.vendor" value="Oracle Corporation" />

          <property name="ant.home" value="/Applications/IntelliJ IDEA CE.app/Contents/lib/ant" />

          <property name="java.runtime.version" value="1.8.0_131-b11" />

          <property name="user.name" value="Jeroen" />

          <property name="ant.build.javac.target" value="1.8" />

          <property name="user.language" value="nl" />

          <property name="sun.boot.library.path" value="/Library/Java/JavaVirtualMachines/jdk1.8.0_131.jdk/Contents/Home/jre/lib" />

          <property name="grader.report.file" value="my-grader-report.xml" />

          <property name="ant.project.default-target" value="all" />

          <property name="java.version" value="1.8.0_131" />

          <property name="user.timezone" value="" />

          <property name="sun.arch.data.model" value="64" />

          <property name="http.nonProxyHosts" value="local|*.local|169.254/16|*.169.254/16" />

          <property name="java.endorsed.dirs" value="/Library/Java/JavaVirtualMachines/jdk1.8.0_131.jdk/Contents/Home/jre/lib/endorsed" />

          <property name="sun.cpu.isalist" value="" />

          <property name="sun.jnu.encoding" value="UTF-8" />

          <property name="file.encoding.pkg" value="sun.io" />

          <property name="file.separator" value="/" />

          <property name="java.specification.name" value="Java Platform API Specification" />

          <property name="java.class.version" value="52.0" />

          <property name="user.country" value="NL" />

          <property name="java.home" value="/Library/Java/JavaVirtualMachines/jdk1.8.0_131.jdk/Contents/Home/jre" />

          <property name="java.vm.info" value="mixed mode" />

          <property name="ant.file" value="/Users/Jeroen/Dropbox/Documenten School/MIT edX 6.005 - Software Construction in Java/6.005.2x/ps1/grader.xml" />

          <property name="os.version" value="10.12.5" />

          <property name="final.grader.jar" value="ps1-final-grader.jar" />

          <property name="path.separator" value=":" />

          <property name="java.vm.version" value="25.131-b11" />

          <property name="ant.library.dir" value="/Applications/IntelliJ IDEA CE.app/Contents/lib/ant/lib" />

          <property name="java.awt.printerjob" value="sun.lwawt.macosx.CPrinterJob" />

          <property name="sun.io.unicode.encoding" value="UnicodeBig" />

          <property name="awt.toolkit" value="sun.lwawt.macosx.LWCToolkit" />

          <property name="socksNonProxyHosts" value="local|*.local|169.254/16|*.169.254/16" />

          <property name="ftp.nonProxyHosts" value="local|*.local|169.254/16|*.169.254/16" />

          <property name="user.home" value="/Users/Jeroen" />

          <property name="java.specification.vendor" value="Oracle Corporation" />

          <property name="which.tests.ran" value="BETA + FINAL" />

          <property name="java.library.path" value="/Users/Jeroen/Library/Java/Extensions:/Library/Java/Extensions:/Network/Library/Java/Extensions:/System/Library/Java/Extensions:/usr/lib/java:." />

          <property name="java.vendor.url" value="http://java.oracle.com/" />

          <property name="java.vm.vendor" value="Oracle Corporation" />

          <property name="gopherProxySet" value="false" />

          <property name="java.runtime.name" value="Java(TM) SE Runtime Environment" />

          <property name="beta.grader.jar" value="ps1-beta-grader.jar" />

          <property name="sun.java.command" value="org.apache.tools.ant.taskdefs.optional.junit.JUnitTestRunner expressivo.VariableTest skipNonTests=false filtertrace=true haltOnError=false haltOnFailure=false showoutput=false outputtoformatters=true logfailedtests=true threadid=0 logtestlistenerevents=false formatter=org.apache.tools.ant.taskdefs.optional.junit.XMLJUnitResultFormatter,/Users/Jeroen/Dropbox/Documenten School/MIT edX 6.005 - Software Construction in Java/6.005.2x/ps1/.grader/TEST-expressivo.VariableTest.xml crashfile=/Users/Jeroen/Dropbox/Documenten School/MIT edX 6.005 - Software Construction in Java/6.005.2x/ps1/.grader/junitvmwatcher5063563199843356754.properties propsfile=/Users/Jeroen/Dropbox/Documenten School/MIT edX 6.005 - Software Construction in Java/6.005.2x/ps1/.grader/junit3179182860360044050.properties" />

          <property name="java.class.path" value="/Users/Jeroen/Dropbox/Documenten School/MIT edX 6.005 - Software Construction in Java/6.005.2x/ps1/lib/junit-4.12.jar:/Users/Jeroen/Dropbox/Documenten School/MIT edX 6.005 - Software Construction in Java/6.005.2x/ps1/lib/hamcrest-core-1.3.jar:/Users/Jeroen/Dropbox/Documenten School/MIT edX 6.005 - Software Construction in Java/6.005.2x/ps1/lib/parserlib.jar:/Users/Jeroen/Dropbox/Documenten School/MIT edX 6.005 - Software Construction in Java/6.005.2x/ps1/.grader/bin-student:/Applications/IntelliJ IDEA CE.app/Contents/lib/ant/lib/ant-launcher.jar:/Applications/IntelliJ IDEA CE.app/Contents/lib/ant/lib/ant.jar:/Applications/IntelliJ IDEA CE.app/Contents/lib/ant/lib/ant-junit.jar:/Applications/IntelliJ IDEA CE.app/Contents/lib/ant/lib/ant-junit4.jar" />

          <property name="ant.version" value="Apache Ant(TM) version 1.9.4 compiled on April 29 2014" />

          <property name="project.name" value="ps1-expressivo" />

          <property name="java.vm.specification.name" value="Java Virtual Machine Specification" />

          <property name="ant.file.type" value="file" />

          <property name="java.vm.specification.version" value="1.8" />

          <property name="sun.cpu.endian" value="little" />

          <property name="didit.desc" value="Running your tests against your implementation." />

          <property name="sun.os.patch.level" value="unknown" />

          <property name="java.io.tmpdir" value="/var/folders/9r/vkch7mbn639c_t84ywy576xh0000gn/T/" />

          <property name="java.vendor.url.bug" value="http://bugreport.sun.com/bugreport/" />

          <property name="os.arch" value="x86_64" />

          <property name="java.awt.graphicsenv" value="sun.awt.CGraphicsEnvironment" />

          <property name="java.ext.dirs" value="/Users/Jeroen/Library/Java/Extensions:/Library/Java/JavaVirtualMachines/jdk1.8.0_131.jdk/Contents/Home/jre/lib/ext:/Library/Java/Extensions:/Network/Library/Java/Extensions:/System/Library/Java/Extensions:/usr/lib/java" />

          <property name="user.dir" value="/Users/Jeroen/Dropbox/Documenten School/MIT edX 6.005 - Software Construction in Java/6.005.2x/ps1" />

          <property name="line.separator" value="&#xa;" />

          <property name="zipfile" value="my-submission.zip" />

          <property name="java.vm.name" value="Java HotSpot(TM) 64-Bit Server VM" />

          <property name="problem.set" value="ps1" />

          <property name="basedir" value="/Users/Jeroen/Dropbox/Documenten School/MIT edX 6.005 - Software Construction in Java/6.005.2x/ps1" />

          <property name="ant.java.version" value="1.8" />

          <property name="ant.core.lib" value="/Applications/IntelliJ IDEA CE.app/Contents/lib/ant/lib/ant.jar" />

          <property name="file.encoding" value="UTF-8" />

          <property name="java.specification.version" value="1.8" />

          <property name="grader.dir" value=".grader" />

          <property name="ant.project.invoked-targets" value="all" />

      </properties>

      <testcase classname="expressivo.VariableTest" name="testIsConstant" time="0.009" />

      <testcase classname="expressivo.VariableTest" name="testToString" time="0.001" />

      <testcase classname="expressivo.VariableTest" name="testDifferentiate" time="0.001" />

      <testcase classname="expressivo.VariableTest" name="testIsProduct" time="0.0" />

      <testcase classname="expressivo.VariableTest" name="testEqualsAndHash" time="0.001" />

      <testcase classname="expressivo.VariableTest" name="testGetVariable" time="0.001" />

      <testcase classname="expressivo.VariableTest" name="testSimplify" time="0.001" />

      <testcase classname="expressivo.VariableTest" name="testIsVariable" time="0.0" />

      <system-out><![CDATA[]]></system-out>

      <system-err><![CDATA[]]></system-err>

  </testsuite>
  <testsuite errors="0" failures="1" hostname="MacBook-Air.local" id="6" name="JavaInterfaceTest" package="expressivo.beta" skipped="0" tests="6" time="5.67" timestamp="2017-07-28T14:55:24">
      <properties>
          <property name="java.vendor" value="Oracle Corporation" />

          <property name="sun.java.launcher" value="SUN_STANDARD" />

          <property name="sun.management.compiler" value="HotSpot 64-Bit Tiered Compilers" />

          <property name="build.sysclasspath" value="ignore" />

          <property name="os.name" value="Mac OS X" />

          <property name="sun.boot.class.path" value="/Library/Java/JavaVirtualMachines/jdk1.8.0_131.jdk/Contents/Home/jre/lib/resources.jar:/Library/Java/JavaVirtualMachines/jdk1.8.0_131.jdk/Contents/Home/jre/lib/rt.jar:/Library/Java/JavaVirtualMachines/jdk1.8.0_131.jdk/Contents/Home/jre/lib/sunrsasign.jar:/Library/Java/JavaVirtualMachines/jdk1.8.0_131.jdk/Contents/Home/jre/lib/jsse.jar:/Library/Java/JavaVirtualMachines/jdk1.8.0_131.jdk/Contents/Home/jre/lib/jce.jar:/Library/Java/JavaVirtualMachines/jdk1.8.0_131.jdk/Contents/Home/jre/lib/charsets.jar:/Library/Java/JavaVirtualMachines/jdk1.8.0_131.jdk/Contents/Home/jre/lib/jfr.jar:/Library/Java/JavaVirtualMachines/jdk1.8.0_131.jdk/Contents/Home/jre/classes" />

          <property name="final.grading" value="true" />

          <property name="java.vm.specification.vendor" value="Oracle Corporation" />

          <property name="ant.home" value="/Applications/IntelliJ IDEA CE.app/Contents/lib/ant" />

          <property name="java.runtime.version" value="1.8.0_131-b11" />

          <property name="user.name" value="Jeroen" />

          <property name="ant.build.javac.target" value="1.8" />

          <property name="user.language" value="nl" />

          <property name="sun.boot.library.path" value="/Library/Java/JavaVirtualMachines/jdk1.8.0_131.jdk/Contents/Home/jre/lib" />

          <property name="grader.report.file" value="my-grader-report.xml" />

          <property name="ant.project.default-target" value="all" />

          <property name="java.version" value="1.8.0_131" />

          <property name="user.timezone" value="" />

          <property name="sun.arch.data.model" value="64" />

          <property name="http.nonProxyHosts" value="local|*.local|169.254/16|*.169.254/16" />

          <property name="java.endorsed.dirs" value="/Library/Java/JavaVirtualMachines/jdk1.8.0_131.jdk/Contents/Home/jre/lib/endorsed" />

          <property name="sun.cpu.isalist" value="" />

          <property name="sun.jnu.encoding" value="UTF-8" />

          <property name="file.encoding.pkg" value="sun.io" />

          <property name="file.separator" value="/" />

          <property name="java.specification.name" value="Java Platform API Specification" />

          <property name="java.class.version" value="52.0" />

          <property name="user.country" value="NL" />

          <property name="java.home" value="/Library/Java/JavaVirtualMachines/jdk1.8.0_131.jdk/Contents/Home/jre" />

          <property name="java.vm.info" value="mixed mode" />

          <property name="ant.file" value="/Users/Jeroen/Dropbox/Documenten School/MIT edX 6.005 - Software Construction in Java/6.005.2x/ps1/grader.xml" />

          <property name="os.version" value="10.12.5" />

          <property name="final.grader.jar" value="ps1-final-grader.jar" />

          <property name="path.separator" value=":" />

          <property name="java.vm.version" value="25.131-b11" />

          <property name="ant.library.dir" value="/Applications/IntelliJ IDEA CE.app/Contents/lib/ant/lib" />

          <property name="java.awt.printerjob" value="sun.lwawt.macosx.CPrinterJob" />

          <property name="sun.io.unicode.encoding" value="UnicodeBig" />

          <property name="awt.toolkit" value="sun.lwawt.macosx.LWCToolkit" />

          <property name="socksNonProxyHosts" value="local|*.local|169.254/16|*.169.254/16" />

          <property name="ftp.nonProxyHosts" value="local|*.local|169.254/16|*.169.254/16" />

          <property name="user.home" value="/Users/Jeroen" />

          <property name="java.specification.vendor" value="Oracle Corporation" />

          <property name="which.tests.ran" value="BETA + FINAL" />

          <property name="java.library.path" value="/Users/Jeroen/Library/Java/Extensions:/Library/Java/Extensions:/Network/Library/Java/Extensions:/System/Library/Java/Extensions:/usr/lib/java:." />

          <property name="java.vendor.url" value="http://java.oracle.com/" />

          <property name="java.vm.vendor" value="Oracle Corporation" />

          <property name="gopherProxySet" value="false" />

          <property name="java.runtime.name" value="Java(TM) SE Runtime Environment" />

          <property name="beta.grader.jar" value="ps1-beta-grader.jar" />

          <property name="sun.java.command" value="org.apache.tools.ant.taskdefs.optional.junit.JUnitTestRunner expressivo.beta.JavaInterfaceTest skipNonTests=false filtertrace=true haltOnError=false haltOnFailure=false showoutput=false outputtoformatters=true logfailedtests=true threadid=0 logtestlistenerevents=false formatter=org.apache.tools.ant.taskdefs.optional.junit.XMLJUnitResultFormatter,/Users/Jeroen/Dropbox/Documenten School/MIT edX 6.005 - Software Construction in Java/6.005.2x/ps1/.grader/TEST-expressivo.beta.JavaInterfaceTest.xml crashfile=/Users/Jeroen/Dropbox/Documenten School/MIT edX 6.005 - Software Construction in Java/6.005.2x/ps1/.grader/junitvmwatcher4309002005062258893.properties propsfile=/Users/Jeroen/Dropbox/Documenten School/MIT edX 6.005 - Software Construction in Java/6.005.2x/ps1/.grader/junit2472623738482694208.properties" />

          <property name="java.class.path" value="/Users/Jeroen/Dropbox/Documenten School/MIT edX 6.005 - Software Construction in Java/6.005.2x/ps1/lib/junit-4.12.jar:/Users/Jeroen/Dropbox/Documenten School/MIT edX 6.005 - Software Construction in Java/6.005.2x/ps1/lib/hamcrest-core-1.3.jar:/Users/Jeroen/Dropbox/Documenten School/MIT edX 6.005 - Software Construction in Java/6.005.2x/ps1/lib/parserlib.jar:/Users/Jeroen/Dropbox/Documenten School/MIT edX 6.005 - Software Construction in Java/6.005.2x/ps1/.grader/bin-student:/Applications/IntelliJ IDEA CE.app/Contents/lib/ant/lib/ant-launcher.jar:/Applications/IntelliJ IDEA CE.app/Contents/lib/ant/lib/ant.jar:/Applications/IntelliJ IDEA CE.app/Contents/lib/ant/lib/ant-junit.jar:/Applications/IntelliJ IDEA CE.app/Contents/lib/ant/lib/ant-junit4.jar" />

          <property name="ant.version" value="Apache Ant(TM) version 1.9.4 compiled on April 29 2014" />

          <property name="project.name" value="ps1-expressivo" />

          <property name="java.vm.specification.name" value="Java Virtual Machine Specification" />

          <property name="ant.file.type" value="file" />

          <property name="java.vm.specification.version" value="1.8" />

          <property name="sun.cpu.endian" value="little" />

          <property name="didit.desc" value="Running our beta tests against your implementation." />

          <property name="sun.os.patch.level" value="unknown" />

          <property name="java.io.tmpdir" value="/var/folders/9r/vkch7mbn639c_t84ywy576xh0000gn/T/" />

          <property name="java.vendor.url.bug" value="http://bugreport.sun.com/bugreport/" />

          <property name="os.arch" value="x86_64" />

          <property name="java.awt.graphicsenv" value="sun.awt.CGraphicsEnvironment" />

          <property name="java.ext.dirs" value="/Users/Jeroen/Library/Java/Extensions:/Library/Java/JavaVirtualMachines/jdk1.8.0_131.jdk/Contents/Home/jre/lib/ext:/Library/Java/Extensions:/Network/Library/Java/Extensions:/System/Library/Java/Extensions:/usr/lib/java" />

          <property name="user.dir" value="/Users/Jeroen/Dropbox/Documenten School/MIT edX 6.005 - Software Construction in Java/6.005.2x/ps1" />

          <property name="line.separator" value="&#xa;" />

          <property name="zipfile" value="my-submission.zip" />

          <property name="java.vm.name" value="Java HotSpot(TM) 64-Bit Server VM" />

          <property name="problem.set" value="ps1" />

          <property name="basedir" value="/Users/Jeroen/Dropbox/Documenten School/MIT edX 6.005 - Software Construction in Java/6.005.2x/ps1" />

          <property name="ant.java.version" value="1.8" />

          <property name="ant.core.lib" value="/Applications/IntelliJ IDEA CE.app/Contents/lib/ant/lib/ant.jar" />

          <property name="file.encoding" value="UTF-8" />

          <property name="java.specification.version" value="1.8" />

          <property name="grader.dir" value=".grader" />

          <property name="ant.project.invoked-targets" value="all" />

      </properties>

      <testcase classname="expressivo.beta.JavaInterfaceTest" name="testParseEquals" time="0.252" />

      <testcase classname="expressivo.beta.JavaInterfaceTest" name="testDifferentiate" time="0.039" />

      <testcase classname="expressivo.beta.JavaInterfaceTest" name="testParseToString" time="0.057">
          <failure message="(after removing whitespace, parens, and &quot;\.0*&quot; from actual output &quot;3&quot;) expected:&lt;[1+2]&gt; but was:&lt;[3]&gt;" type="junit.framework.AssertionFailedError">junit.framework.AssertionFailedError: (after removing whitespace, parens, and &quot;\.0*&quot; from actual output &quot;3&quot;) expected:&lt;[1+2]&gt; but was:&lt;[3]&gt;
	at expressivo.beta.JavaInterfaceTest.testParseToString(JavaInterfaceTest.java:32)
</failure>

      </testcase>

      <testcase classname="expressivo.beta.JavaInterfaceTest" name="testSimplifyTwice" time="0.075" />

      <testcase classname="expressivo.beta.JavaInterfaceTest" name="testParseInvalid" time="0.036" />

      <testcase classname="expressivo.beta.JavaInterfaceTest" name="testSimplify" time="0.026" />

      <system-out><![CDATA[]]></system-out>

      <system-err><![CDATA[lib6005.parser.UnableToParseException: String does not match grammar 
Error in line 1 col 0
Expected ||||[0-9]||.|[0-9]|[a-zA-Z]||||[0-9]||.|[0-9]|[a-zA-Z]|(|( but saw !moo<EOIN>
	at lib6005.parser.Parser.parse(Parser.java:153)
	at expressivo.Expression.parse(Expression.java:43)
	at expressivo.beta.JavaInterfaceTest.testParseInvalid(JavaInterfaceTest.java:17)
	at sun.reflect.NativeMethodAccessorImpl.invoke0(Native Method)
	at sun.reflect.NativeMethodAccessorImpl.invoke(NativeMethodAccessorImpl.java:62)
	at sun.reflect.DelegatingMethodAccessorImpl.invoke(DelegatingMethodAccessorImpl.java:43)
	at java.lang.reflect.Method.invoke(Method.java:498)
	at org.junit.runners.model.FrameworkMethod$1.runReflectiveCall(FrameworkMethod.java:50)
	at org.junit.internal.runners.model.ReflectiveCallable.run(ReflectiveCallable.java:12)
	at org.junit.runners.model.FrameworkMethod.invokeExplosively(FrameworkMethod.java:47)
	at org.junit.internal.runners.statements.InvokeMethod.evaluate(InvokeMethod.java:17)
	at org.junit.internal.runners.statements.ExpectException.evaluate(ExpectException.java:19)
	at org.junit.runners.ParentRunner.runLeaf(ParentRunner.java:325)
	at org.junit.runners.BlockJUnit4ClassRunner.runChild(BlockJUnit4ClassRunner.java:78)
	at org.junit.runners.BlockJUnit4ClassRunner.runChild(BlockJUnit4ClassRunner.java:57)
	at org.junit.runners.ParentRunner$3.run(ParentRunner.java:290)
	at org.junit.runners.ParentRunner$1.schedule(ParentRunner.java:71)
	at org.junit.runners.ParentRunner.runChildren(ParentRunner.java:288)
	at org.junit.runners.ParentRunner.access$000(ParentRunner.java:58)
	at org.junit.runners.ParentRunner$2.evaluate(ParentRunner.java:268)
	at org.junit.runners.ParentRunner.run(ParentRunner.java:363)
	at junit.framework.JUnit4TestAdapter.run(JUnit4TestAdapter.java:38)
	at org.apache.tools.ant.taskdefs.optional.junit.JUnitTestRunner.run(JUnitTestRunner.java:532)
	at org.apache.tools.ant.taskdefs.optional.junit.JUnitTestRunner.launch(JUnitTestRunner.java:1179)
	at org.apache.tools.ant.taskdefs.optional.junit.JUnitTestRunner.main(JUnitTestRunner.java:1030)
]]></system-err>

  </testsuite>
  <testsuite errors="0" failures="0" hostname="MacBook-Air.local" id="7" name="ExpressionTest" package="expressivo.grader" skipped="0" tests="27" time="8.219" timestamp="2017-07-28T14:55:31">
      <properties>
          <property name="java.vendor" value="Oracle Corporation" />

          <property name="sun.java.launcher" value="SUN_STANDARD" />

          <property name="sun.management.compiler" value="HotSpot 64-Bit Tiered Compilers" />

          <property name="build.sysclasspath" value="ignore" />

          <property name="os.name" value="Mac OS X" />

          <property name="sun.boot.class.path" value="/Library/Java/JavaVirtualMachines/jdk1.8.0_131.jdk/Contents/Home/jre/lib/resources.jar:/Library/Java/JavaVirtualMachines/jdk1.8.0_131.jdk/Contents/Home/jre/lib/rt.jar:/Library/Java/JavaVirtualMachines/jdk1.8.0_131.jdk/Contents/Home/jre/lib/sunrsasign.jar:/Library/Java/JavaVirtualMachines/jdk1.8.0_131.jdk/Contents/Home/jre/lib/jsse.jar:/Library/Java/JavaVirtualMachines/jdk1.8.0_131.jdk/Contents/Home/jre/lib/jce.jar:/Library/Java/JavaVirtualMachines/jdk1.8.0_131.jdk/Contents/Home/jre/lib/charsets.jar:/Library/Java/JavaVirtualMachines/jdk1.8.0_131.jdk/Contents/Home/jre/lib/jfr.jar:/Library/Java/JavaVirtualMachines/jdk1.8.0_131.jdk/Contents/Home/jre/classes" />

          <property name="final.grading" value="true" />

          <property name="java.vm.specification.vendor" value="Oracle Corporation" />

          <property name="ant.home" value="/Applications/IntelliJ IDEA CE.app/Contents/lib/ant" />

          <property name="java.runtime.version" value="1.8.0_131-b11" />

          <property name="user.name" value="Jeroen" />

          <property name="ant.build.javac.target" value="1.8" />

          <property name="user.language" value="nl" />

          <property name="sun.boot.library.path" value="/Library/Java/JavaVirtualMachines/jdk1.8.0_131.jdk/Contents/Home/jre/lib" />

          <property name="grader.report.file" value="my-grader-report.xml" />

          <property name="ant.project.default-target" value="all" />

          <property name="java.version" value="1.8.0_131" />

          <property name="user.timezone" value="" />

          <property name="sun.arch.data.model" value="64" />

          <property name="http.nonProxyHosts" value="local|*.local|169.254/16|*.169.254/16" />

          <property name="java.endorsed.dirs" value="/Library/Java/JavaVirtualMachines/jdk1.8.0_131.jdk/Contents/Home/jre/lib/endorsed" />

          <property name="sun.cpu.isalist" value="" />

          <property name="sun.jnu.encoding" value="UTF-8" />

          <property name="file.encoding.pkg" value="sun.io" />

          <property name="file.separator" value="/" />

          <property name="java.specification.name" value="Java Platform API Specification" />

          <property name="java.class.version" value="52.0" />

          <property name="user.country" value="NL" />

          <property name="java.home" value="/Library/Java/JavaVirtualMachines/jdk1.8.0_131.jdk/Contents/Home/jre" />

          <property name="java.vm.info" value="mixed mode" />

          <property name="ant.file" value="/Users/Jeroen/Dropbox/Documenten School/MIT edX 6.005 - Software Construction in Java/6.005.2x/ps1/grader.xml" />

          <property name="os.version" value="10.12.5" />

          <property name="final.grader.jar" value="ps1-final-grader.jar" />

          <property name="path.separator" value=":" />

          <property name="java.vm.version" value="25.131-b11" />

          <property name="ant.library.dir" value="/Applications/IntelliJ IDEA CE.app/Contents/lib/ant/lib" />

          <property name="java.awt.printerjob" value="sun.lwawt.macosx.CPrinterJob" />

          <property name="sun.io.unicode.encoding" value="UnicodeBig" />

          <property name="awt.toolkit" value="sun.lwawt.macosx.LWCToolkit" />

          <property name="socksNonProxyHosts" value="local|*.local|169.254/16|*.169.254/16" />

          <property name="ftp.nonProxyHosts" value="local|*.local|169.254/16|*.169.254/16" />

          <property name="user.home" value="/Users/Jeroen" />

          <property name="java.specification.vendor" value="Oracle Corporation" />

          <property name="which.tests.ran" value="BETA + FINAL" />

          <property name="java.library.path" value="/Users/Jeroen/Library/Java/Extensions:/Library/Java/Extensions:/Network/Library/Java/Extensions:/System/Library/Java/Extensions:/usr/lib/java:." />

          <property name="java.vendor.url" value="http://java.oracle.com/" />

          <property name="java.vm.vendor" value="Oracle Corporation" />

          <property name="gopherProxySet" value="false" />

          <property name="java.runtime.name" value="Java(TM) SE Runtime Environment" />

          <property name="beta.grader.jar" value="ps1-beta-grader.jar" />

          <property name="sun.java.command" value="org.apache.tools.ant.taskdefs.optional.junit.JUnitTestRunner expressivo.grader.ExpressionTest skipNonTests=false filtertrace=true haltOnError=false haltOnFailure=false showoutput=false outputtoformatters=true logfailedtests=true threadid=0 logtestlistenerevents=false formatter=org.apache.tools.ant.taskdefs.optional.junit.XMLJUnitResultFormatter,/Users/Jeroen/Dropbox/Documenten School/MIT edX 6.005 - Software Construction in Java/6.005.2x/ps1/.grader/TEST-expressivo.grader.ExpressionTest.xml crashfile=/Users/Jeroen/Dropbox/Documenten School/MIT edX 6.005 - Software Construction in Java/6.005.2x/ps1/.grader/junitvmwatcher3632429965859210864.properties propsfile=/Users/Jeroen/Dropbox/Documenten School/MIT edX 6.005 - Software Construction in Java/6.005.2x/ps1/.grader/junit8336021985825083299.properties" />

          <property name="java.class.path" value="/Users/Jeroen/Dropbox/Documenten School/MIT edX 6.005 - Software Construction in Java/6.005.2x/ps1/lib/junit-4.12.jar:/Users/Jeroen/Dropbox/Documenten School/MIT edX 6.005 - Software Construction in Java/6.005.2x/ps1/lib/hamcrest-core-1.3.jar:/Users/Jeroen/Dropbox/Documenten School/MIT edX 6.005 - Software Construction in Java/6.005.2x/ps1/lib/parserlib.jar:/Users/Jeroen/Dropbox/Documenten School/MIT edX 6.005 - Software Construction in Java/6.005.2x/ps1/.grader/bin-tests-final:/Users/Jeroen/Dropbox/Documenten School/MIT edX 6.005 - Software Construction in Java/6.005.2x/ps1/.grader/bin-student:/Applications/IntelliJ IDEA CE.app/Contents/lib/ant/lib/ant-launcher.jar:/Applications/IntelliJ IDEA CE.app/Contents/lib/ant/lib/ant.jar:/Applications/IntelliJ IDEA CE.app/Contents/lib/ant/lib/ant-junit.jar:/Applications/IntelliJ IDEA CE.app/Contents/lib/ant/lib/ant-junit4.jar" />

          <property name="ant.version" value="Apache Ant(TM) version 1.9.4 compiled on April 29 2014" />

          <property name="project.name" value="ps1-expressivo" />

          <property name="java.vm.specification.name" value="Java Virtual Machine Specification" />

          <property name="ant.file.type" value="file" />

          <property name="java.vm.specification.version" value="1.8" />

          <property name="sun.cpu.endian" value="little" />

          <property name="didit.desc" value="Running our tests against your implementation" />

          <property name="sun.os.patch.level" value="unknown" />

          <property name="java.io.tmpdir" value="/var/folders/9r/vkch7mbn639c_t84ywy576xh0000gn/T/" />

          <property name="java.vendor.url.bug" value="http://bugreport.sun.com/bugreport/" />

          <property name="os.arch" value="x86_64" />

          <property name="java.awt.graphicsenv" value="sun.awt.CGraphicsEnvironment" />

          <property name="java.ext.dirs" value="/Users/Jeroen/Library/Java/Extensions:/Library/Java/JavaVirtualMachines/jdk1.8.0_131.jdk/Contents/Home/jre/lib/ext:/Library/Java/Extensions:/Network/Library/Java/Extensions:/System/Library/Java/Extensions:/usr/lib/java" />

          <property name="user.dir" value="/Users/Jeroen/Dropbox/Documenten School/MIT edX 6.005 - Software Construction in Java/6.005.2x/ps1" />

          <property name="line.separator" value="&#xa;" />

          <property name="zipfile" value="my-submission.zip" />

          <property name="java.vm.name" value="Java HotSpot(TM) 64-Bit Server VM" />

          <property name="problem.set" value="ps1" />

          <property name="basedir" value="/Users/Jeroen/Dropbox/Documenten School/MIT edX 6.005 - Software Construction in Java/6.005.2x/ps1" />

          <property name="ant.java.version" value="1.8" />

          <property name="ant.core.lib" value="/Applications/IntelliJ IDEA CE.app/Contents/lib/ant/lib/ant.jar" />

          <property name="file.encoding" value="UTF-8" />

          <property name="java.specification.version" value="1.8" />

          <property name="grader.dir" value=".grader" />

          <property name="ant.project.invoked-targets" value="all" />

      </properties>

      <testcase classname="expressivo.grader.ExpressionTest" name="testHashCode[same one variable]" time="0.384" />

      <testcase classname="expressivo.grader.ExpressionTest" name="testEquals[same one variable]" time="0.118" />

      <testcase classname="expressivo.grader.ExpressionTest" name="testToStringConsistent[same one variable]" time="0.125" />

      <testcase classname="expressivo.grader.ExpressionTest" name="testHashCode[same one operator]" time="0.088" />

      <testcase classname="expressivo.grader.ExpressionTest" name="testEquals[same one operator]" time="0.156" />

      <testcase classname="expressivo.grader.ExpressionTest" name="testToStringConsistent[same one operator]" time="0.065" />

      <testcase classname="expressivo.grader.ExpressionTest" name="testHashCode[same expression with numbers/variables/operators]" time="0.083" />

      <testcase classname="expressivo.grader.ExpressionTest" name="testEquals[same expression with numbers/variables/operators]" time="0.049" />

      <testcase classname="expressivo.grader.ExpressionTest" name="testToStringConsistent[same expression with numbers/variables/operators]" time="0.089" />

      <testcase classname="expressivo.grader.ExpressionTest" name="testHashCode[var and same var parenthesized]" time="0.3" />

      <testcase classname="expressivo.grader.ExpressionTest" name="testEquals[var and same var parenthesized]" time="0.074" />

      <testcase classname="expressivo.grader.ExpressionTest" name="testToStringConsistent[var and same var parenthesized]" time="0.061" />

      <testcase classname="expressivo.grader.ExpressionTest" name="testHashCode[one operator and same operator parenthesized]" time="0.045" />

      <testcase classname="expressivo.grader.ExpressionTest" name="testEquals[one operator and same operator parenthesized]" time="0.051" />

      <testcase classname="expressivo.grader.ExpressionTest" name="testToStringConsistent[one operator and same operator parenthesized]" time="0.072" />

      <testcase classname="expressivo.grader.ExpressionTest" name="testHashCode[* + * same as (*)+(*)]" time="0.088" />

      <testcase classname="expressivo.grader.ExpressionTest" name="testEquals[* + * same as (*)+(*)]" time="0.099" />

      <testcase classname="expressivo.grader.ExpressionTest" name="testToStringConsistent[* + * same as (*)+(*)]" time="0.147" />

      <testcase classname="expressivo.grader.ExpressionTest" name="testHashCode[((*)+)* different from * + *]" time="0.155" />

      <testcase classname="expressivo.grader.ExpressionTest" name="testEquals[((*)+)* different from * + *]" time="0.1" />

      <testcase classname="expressivo.grader.ExpressionTest" name="testToStringConsistent[((*)+)* different from * + *]" time="0.047" />

      <testcase classname="expressivo.grader.ExpressionTest" name="testHashCode[+ not commutative under structual equality]" time="0.063" />

      <testcase classname="expressivo.grader.ExpressionTest" name="testEquals[+ not commutative under structual equality]" time="0.053" />

      <testcase classname="expressivo.grader.ExpressionTest" name="testToStringConsistent[+ not commutative under structual equality]" time="0.316" />

      <testcase classname="expressivo.grader.ExpressionTest" name="testHashCode[* not commutative under structual equality]" time="0.131" />

      <testcase classname="expressivo.grader.ExpressionTest" name="testEquals[* not commutative under structual equality]" time="0.04" />

      <testcase classname="expressivo.grader.ExpressionTest" name="testToStringConsistent[* not commutative under structual equality]" time="0.053" />

      <system-out><![CDATA[]]></system-out>

      <system-err><![CDATA[]]></system-err>

  </testsuite>
  <testsuite errors="4" failures="0" hostname="MacBook-Air.local" id="8" name="ExpressivoTest" package="expressivo.grader" skipped="0" tests="152" time="9.302" timestamp="2017-07-28T14:55:40">
      <properties>
          <property name="java.vendor" value="Oracle Corporation" />

          <property name="sun.java.launcher" value="SUN_STANDARD" />

          <property name="sun.management.compiler" value="HotSpot 64-Bit Tiered Compilers" />

          <property name="build.sysclasspath" value="ignore" />

          <property name="os.name" value="Mac OS X" />

          <property name="sun.boot.class.path" value="/Library/Java/JavaVirtualMachines/jdk1.8.0_131.jdk/Contents/Home/jre/lib/resources.jar:/Library/Java/JavaVirtualMachines/jdk1.8.0_131.jdk/Contents/Home/jre/lib/rt.jar:/Library/Java/JavaVirtualMachines/jdk1.8.0_131.jdk/Contents/Home/jre/lib/sunrsasign.jar:/Library/Java/JavaVirtualMachines/jdk1.8.0_131.jdk/Contents/Home/jre/lib/jsse.jar:/Library/Java/JavaVirtualMachines/jdk1.8.0_131.jdk/Contents/Home/jre/lib/jce.jar:/Library/Java/JavaVirtualMachines/jdk1.8.0_131.jdk/Contents/Home/jre/lib/charsets.jar:/Library/Java/JavaVirtualMachines/jdk1.8.0_131.jdk/Contents/Home/jre/lib/jfr.jar:/Library/Java/JavaVirtualMachines/jdk1.8.0_131.jdk/Contents/Home/jre/classes" />

          <property name="final.grading" value="true" />

          <property name="java.vm.specification.vendor" value="Oracle Corporation" />

          <property name="ant.home" value="/Applications/IntelliJ IDEA CE.app/Contents/lib/ant" />

          <property name="java.runtime.version" value="1.8.0_131-b11" />

          <property name="user.name" value="Jeroen" />

          <property name="ant.build.javac.target" value="1.8" />

          <property name="user.language" value="nl" />

          <property name="sun.boot.library.path" value="/Library/Java/JavaVirtualMachines/jdk1.8.0_131.jdk/Contents/Home/jre/lib" />

          <property name="grader.report.file" value="my-grader-report.xml" />

          <property name="ant.project.default-target" value="all" />

          <property name="java.version" value="1.8.0_131" />

          <property name="user.timezone" value="" />

          <property name="sun.arch.data.model" value="64" />

          <property name="http.nonProxyHosts" value="local|*.local|169.254/16|*.169.254/16" />

          <property name="java.endorsed.dirs" value="/Library/Java/JavaVirtualMachines/jdk1.8.0_131.jdk/Contents/Home/jre/lib/endorsed" />

          <property name="sun.cpu.isalist" value="" />

          <property name="sun.jnu.encoding" value="UTF-8" />

          <property name="file.encoding.pkg" value="sun.io" />

          <property name="file.separator" value="/" />

          <property name="java.specification.name" value="Java Platform API Specification" />

          <property name="java.class.version" value="52.0" />

          <property name="user.country" value="NL" />

          <property name="java.home" value="/Library/Java/JavaVirtualMachines/jdk1.8.0_131.jdk/Contents/Home/jre" />

          <property name="java.vm.info" value="mixed mode" />

          <property name="ant.file" value="/Users/Jeroen/Dropbox/Documenten School/MIT edX 6.005 - Software Construction in Java/6.005.2x/ps1/grader.xml" />

          <property name="os.version" value="10.12.5" />

          <property name="final.grader.jar" value="ps1-final-grader.jar" />

          <property name="path.separator" value=":" />

          <property name="java.vm.version" value="25.131-b11" />

          <property name="ant.library.dir" value="/Applications/IntelliJ IDEA CE.app/Contents/lib/ant/lib" />

          <property name="java.awt.printerjob" value="sun.lwawt.macosx.CPrinterJob" />

          <property name="sun.io.unicode.encoding" value="UnicodeBig" />

          <property name="awt.toolkit" value="sun.lwawt.macosx.LWCToolkit" />

          <property name="socksNonProxyHosts" value="local|*.local|169.254/16|*.169.254/16" />

          <property name="ftp.nonProxyHosts" value="local|*.local|169.254/16|*.169.254/16" />

          <property name="user.home" value="/Users/Jeroen" />

          <property name="java.specification.vendor" value="Oracle Corporation" />

          <property name="which.tests.ran" value="BETA + FINAL" />

          <property name="java.library.path" value="/Users/Jeroen/Library/Java/Extensions:/Library/Java/Extensions:/Network/Library/Java/Extensions:/System/Library/Java/Extensions:/usr/lib/java:." />

          <property name="java.vendor.url" value="http://java.oracle.com/" />

          <property name="java.vm.vendor" value="Oracle Corporation" />

          <property name="gopherProxySet" value="false" />

          <property name="java.runtime.name" value="Java(TM) SE Runtime Environment" />

          <property name="beta.grader.jar" value="ps1-beta-grader.jar" />

          <property name="sun.java.command" value="org.apache.tools.ant.taskdefs.optional.junit.JUnitTestRunner expressivo.grader.ExpressivoTest skipNonTests=false filtertrace=true haltOnError=false haltOnFailure=false showoutput=false outputtoformatters=true logfailedtests=true threadid=0 logtestlistenerevents=false formatter=org.apache.tools.ant.taskdefs.optional.junit.XMLJUnitResultFormatter,/Users/Jeroen/Dropbox/Documenten School/MIT edX 6.005 - Software Construction in Java/6.005.2x/ps1/.grader/TEST-expressivo.grader.ExpressivoTest.xml crashfile=/Users/Jeroen/Dropbox/Documenten School/MIT edX 6.005 - Software Construction in Java/6.005.2x/ps1/.grader/junitvmwatcher7308938738386423789.properties propsfile=/Users/Jeroen/Dropbox/Documenten School/MIT edX 6.005 - Software Construction in Java/6.005.2x/ps1/.grader/junit2610361173934867971.properties" />

          <property name="java.class.path" value="/Users/Jeroen/Dropbox/Documenten School/MIT edX 6.005 - Software Construction in Java/6.005.2x/ps1/lib/junit-4.12.jar:/Users/Jeroen/Dropbox/Documenten School/MIT edX 6.005 - Software Construction in Java/6.005.2x/ps1/lib/hamcrest-core-1.3.jar:/Users/Jeroen/Dropbox/Documenten School/MIT edX 6.005 - Software Construction in Java/6.005.2x/ps1/lib/parserlib.jar:/Users/Jeroen/Dropbox/Documenten School/MIT edX 6.005 - Software Construction in Java/6.005.2x/ps1/.grader/bin-tests-final:/Users/Jeroen/Dropbox/Documenten School/MIT edX 6.005 - Software Construction in Java/6.005.2x/ps1/.grader/bin-student:/Applications/IntelliJ IDEA CE.app/Contents/lib/ant/lib/ant-launcher.jar:/Applications/IntelliJ IDEA CE.app/Contents/lib/ant/lib/ant.jar:/Applications/IntelliJ IDEA CE.app/Contents/lib/ant/lib/ant-junit.jar:/Applications/IntelliJ IDEA CE.app/Contents/lib/ant/lib/ant-junit4.jar" />

          <property name="ant.version" value="Apache Ant(TM) version 1.9.4 compiled on April 29 2014" />

          <property name="project.name" value="ps1-expressivo" />

          <property name="java.vm.specification.name" value="Java Virtual Machine Specification" />

          <property name="ant.file.type" value="file" />

          <property name="java.vm.specification.version" value="1.8" />

          <property name="sun.cpu.endian" value="little" />

          <property name="didit.desc" value="Running our tests against your implementation" />

          <property name="sun.os.patch.level" value="unknown" />

          <property name="java.io.tmpdir" value="/var/folders/9r/vkch7mbn639c_t84ywy576xh0000gn/T/" />

          <property name="java.vendor.url.bug" value="http://bugreport.sun.com/bugreport/" />

          <property name="os.arch" value="x86_64" />

          <property name="java.awt.graphicsenv" value="sun.awt.CGraphicsEnvironment" />

          <property name="java.ext.dirs" value="/Users/Jeroen/Library/Java/Extensions:/Library/Java/JavaVirtualMachines/jdk1.8.0_131.jdk/Contents/Home/jre/lib/ext:/Library/Java/Extensions:/Network/Library/Java/Extensions:/System/Library/Java/Extensions:/usr/lib/java" />

          <property name="user.dir" value="/Users/Jeroen/Dropbox/Documenten School/MIT edX 6.005 - Software Construction in Java/6.005.2x/ps1" />

          <property name="line.separator" value="&#xa;" />

          <property name="zipfile" value="my-submission.zip" />

          <property name="java.vm.name" value="Java HotSpot(TM) 64-Bit Server VM" />

          <property name="problem.set" value="ps1" />

          <property name="basedir" value="/Users/Jeroen/Dropbox/Documenten School/MIT edX 6.005 - Software Construction in Java/6.005.2x/ps1" />

          <property name="ant.java.version" value="1.8" />

          <property name="ant.core.lib" value="/Applications/IntelliJ IDEA CE.app/Contents/lib/ant/lib/ant.jar" />

          <property name="file.encoding" value="UTF-8" />

          <property name="java.specification.version" value="1.8" />

          <property name="grader.dir" value=".grader" />

          <property name="ant.project.invoked-targets" value="all" />

      </properties>

      <testcase classname="expressivo.grader.ExpressivoTest" name="testDifferentiate_dx[zero]" time="0.292" />

      <testcase classname="expressivo.grader.ExpressivoTest" name="testDifferentiate_dy[zero]" time="0.052" />

      <testcase classname="expressivo.grader.ExpressivoTest" name="testParse[zero]" time="0.056" />

      <testcase classname="expressivo.grader.ExpressivoTest" name="testSimplify_xyz[zero]" time="0.038" />

      <testcase classname="expressivo.grader.ExpressivoTest" name="testDifferentiate_dx[nonzero integer]" time="0.054" />

      <testcase classname="expressivo.grader.ExpressivoTest" name="testDifferentiate_dy[nonzero integer]" time="0.032" />

      <testcase classname="expressivo.grader.ExpressivoTest" name="testParse[nonzero integer]" time="0.042" />

      <testcase classname="expressivo.grader.ExpressivoTest" name="testSimplify_xyz[nonzero integer]" time="0.031" />

      <testcase classname="expressivo.grader.ExpressivoTest" name="testDifferentiate_dx[decimal-fraction &lt; 1]" time="0.051" />

      <testcase classname="expressivo.grader.ExpressivoTest" name="testDifferentiate_dy[decimal-fraction &lt; 1]" time="0.05" />

      <testcase classname="expressivo.grader.ExpressivoTest" name="testParse[decimal-fraction &lt; 1]" time="0.026" />

      <testcase classname="expressivo.grader.ExpressivoTest" name="testSimplify_xyz[decimal-fraction &lt; 1]" time="0.028" />

      <testcase classname="expressivo.grader.ExpressivoTest" name="testDifferentiate_dx[decimal-fraction &gt; 1]" time="0.031" />

      <testcase classname="expressivo.grader.ExpressivoTest" name="testDifferentiate_dy[decimal-fraction &gt; 1]" time="0.033" />

      <testcase classname="expressivo.grader.ExpressivoTest" name="testParse[decimal-fraction &gt; 1]" time="0.031" />

      <testcase classname="expressivo.grader.ExpressivoTest" name="testSimplify_xyz[decimal-fraction &gt; 1]" time="0.034" />

      <testcase classname="expressivo.grader.ExpressivoTest" name="testDifferentiate_dx[trailing zeros]" time="0.045" />

      <testcase classname="expressivo.grader.ExpressivoTest" name="testDifferentiate_dy[trailing zeros]" time="0.048" />

      <testcase classname="expressivo.grader.ExpressivoTest" name="testParse[trailing zeros]" time="0.039" />

      <testcase classname="expressivo.grader.ExpressivoTest" name="testSimplify_xyz[trailing zeros]" time="0.043" />

      <testcase classname="expressivo.grader.ExpressivoTest" name="testDifferentiate_dx[no leading zero]" time="0.032" />

      <testcase classname="expressivo.grader.ExpressivoTest" name="testDifferentiate_dy[no leading zero]" time="0.02" />

      <testcase classname="expressivo.grader.ExpressivoTest" name="testParse[no leading zero]" time="0.02" />

      <testcase classname="expressivo.grader.ExpressivoTest" name="testSimplify_xyz[no leading zero]" time="0.023" />

      <testcase classname="expressivo.grader.ExpressivoTest" name="testDifferentiate_dx[decimal-fraction very small]" time="0.022" />

      <testcase classname="expressivo.grader.ExpressivoTest" name="testDifferentiate_dy[decimal-fraction very small]" time="0.021" />

      <testcase classname="expressivo.grader.ExpressivoTest" name="testParse[decimal-fraction very small]" time="0.032">
          <error message="invalid Expression.toString (staff parser could not parse)" type="java.lang.RuntimeException">java.lang.RuntimeException: invalid Expression.toString (staff parser could not parse)
	at expressivo.grader.ExpressivoTest.testParse(ExpressivoTest.java:100)
Caused by: expressivo.staff.SyntaxError: Character 3: expected end_of_input, got E in expression &quot;1.0E-6&quot;
	at expressivo.staff.Parser.parse(Parser.java:23)
	at expressivo.staff.Parser.parse(Parser.java:13)
	at expressivo.grader.ExpressivoTest.testParse(ExpressivoTest.java:98)
Caused by: expressivo.staff.SyntaxError: Character 3: expected end_of_input, got E
	at expressivo.staff.Parser.eat(Parser.java:129)
	at expressivo.staff.Parser.parse(Parser.java:48)
	at expressivo.staff.Parser.parse(Parser.java:21)
</error>

      </testcase>

      <testcase classname="expressivo.grader.ExpressivoTest" name="testSimplify_xyz[decimal-fraction very small]" time="0.028">
          <error message="invalid simplified expression (staff parser could not parse)" type="java.lang.RuntimeException">java.lang.RuntimeException: invalid simplified expression (staff parser could not parse)
	at expressivo.grader.ExpressivoTest.testSimplify_xyz(ExpressivoTest.java:159)
Caused by: expressivo.staff.SyntaxError: Character 3: expected end_of_input, got E in expression &quot;1.0E-6&quot;
	at expressivo.staff.Parser.parse(Parser.java:23)
	at expressivo.staff.Parser.parse(Parser.java:13)
	at expressivo.grader.ExpressivoTest.testSimplify_xyz(ExpressivoTest.java:157)
Caused by: expressivo.staff.SyntaxError: Character 3: expected end_of_input, got E
	at expressivo.staff.Parser.eat(Parser.java:129)
	at expressivo.staff.Parser.parse(Parser.java:48)
	at expressivo.staff.Parser.parse(Parser.java:21)
</error>

      </testcase>

      <testcase classname="expressivo.grader.ExpressivoTest" name="testDifferentiate_dx[integer very large]" time="0.019" />

      <testcase classname="expressivo.grader.ExpressivoTest" name="testDifferentiate_dy[integer very large]" time="0.025" />

      <testcase classname="expressivo.grader.ExpressivoTest" name="testParse[integer very large]" time="0.023">
          <error message="invalid Expression.toString (staff parser could not parse)" type="java.lang.RuntimeException">java.lang.RuntimeException: invalid Expression.toString (staff parser could not parse)
	at expressivo.grader.ExpressivoTest.testParse(ExpressivoTest.java:100)
Caused by: expressivo.staff.SyntaxError: Character 17: expected end_of_input, got E in expression &quot;9.007199254740992E15&quot;
	at expressivo.staff.Parser.parse(Parser.java:23)
	at expressivo.staff.Parser.parse(Parser.java:13)
	at expressivo.grader.ExpressivoTest.testParse(ExpressivoTest.java:98)
Caused by: expressivo.staff.SyntaxError: Character 17: expected end_of_input, got E
	at expressivo.staff.Parser.eat(Parser.java:129)
	at expressivo.staff.Parser.parse(Parser.java:48)
	at expressivo.staff.Parser.parse(Parser.java:21)
</error>

      </testcase>

      <testcase classname="expressivo.grader.ExpressivoTest" name="testSimplify_xyz[integer very large]" time="0.022">
          <error message="invalid simplified expression (staff parser could not parse)" type="java.lang.RuntimeException">java.lang.RuntimeException: invalid simplified expression (staff parser could not parse)
	at expressivo.grader.ExpressivoTest.testSimplify_xyz(ExpressivoTest.java:159)
Caused by: expressivo.staff.SyntaxError: Character 17: expected end_of_input, got E in expression &quot;9.007199254740992E15&quot;
	at expressivo.staff.Parser.parse(Parser.java:23)
	at expressivo.staff.Parser.parse(Parser.java:13)
	at expressivo.grader.ExpressivoTest.testSimplify_xyz(ExpressivoTest.java:157)
Caused by: expressivo.staff.SyntaxError: Character 17: expected end_of_input, got E
	at expressivo.staff.Parser.eat(Parser.java:129)
	at expressivo.staff.Parser.parse(Parser.java:48)
	at expressivo.staff.Parser.parse(Parser.java:21)
</error>

      </testcase>

      <testcase classname="expressivo.grader.ExpressivoTest" name="testDifferentiate_dx[x]" time="0.019" />

      <testcase classname="expressivo.grader.ExpressivoTest" name="testDifferentiate_dy[x]" time="0.023" />

      <testcase classname="expressivo.grader.ExpressivoTest" name="testParse[x]" time="0.033" />

      <testcase classname="expressivo.grader.ExpressivoTest" name="testSimplify_xyz[x]" time="0.039" />

      <testcase classname="expressivo.grader.ExpressivoTest" name="testDifferentiate_dx[y]" time="0.055" />

      <testcase classname="expressivo.grader.ExpressivoTest" name="testDifferentiate_dy[y]" time="0.04" />

      <testcase classname="expressivo.grader.ExpressivoTest" name="testParse[y]" time="0.061" />

      <testcase classname="expressivo.grader.ExpressivoTest" name="testSimplify_xyz[y]" time="0.031" />

      <testcase classname="expressivo.grader.ExpressivoTest" name="testDifferentiate_dx[other variable]" time="0.021" />

      <testcase classname="expressivo.grader.ExpressivoTest" name="testDifferentiate_dy[other variable]" time="0.021" />

      <testcase classname="expressivo.grader.ExpressivoTest" name="testParse[other variable]" time="0.024" />

      <testcase classname="expressivo.grader.ExpressivoTest" name="testSimplify_xyz[other variable]" time="0.018" />

      <testcase classname="expressivo.grader.ExpressivoTest" name="testDifferentiate_dx[variable with parens]" time="0.025" />

      <testcase classname="expressivo.grader.ExpressivoTest" name="testDifferentiate_dy[variable with parens]" time="0.016" />

      <testcase classname="expressivo.grader.ExpressivoTest" name="testParse[variable with parens]" time="0.018" />

      <testcase classname="expressivo.grader.ExpressivoTest" name="testSimplify_xyz[variable with parens]" time="0.016" />

      <testcase classname="expressivo.grader.ExpressivoTest" name="testDifferentiate_dx[variable with extra parens]" time="0.028" />

      <testcase classname="expressivo.grader.ExpressivoTest" name="testDifferentiate_dy[variable with extra parens]" time="0.017" />

      <testcase classname="expressivo.grader.ExpressivoTest" name="testParse[variable with extra parens]" time="0.018" />

      <testcase classname="expressivo.grader.ExpressivoTest" name="testSimplify_xyz[variable with extra parens]" time="0.014" />

      <testcase classname="expressivo.grader.ExpressivoTest" name="testDifferentiate_dx[add]" time="0.019" />

      <testcase classname="expressivo.grader.ExpressivoTest" name="testDifferentiate_dy[add]" time="0.02" />

      <testcase classname="expressivo.grader.ExpressivoTest" name="testParse[add]" time="0.024" />

      <testcase classname="expressivo.grader.ExpressivoTest" name="testSimplify_xyz[add]" time="0.02" />

      <testcase classname="expressivo.grader.ExpressivoTest" name="testDifferentiate_dx[add with extra parens]" time="0.025" />

      <testcase classname="expressivo.grader.ExpressivoTest" name="testDifferentiate_dy[add with extra parens]" time="0.022" />

      <testcase classname="expressivo.grader.ExpressivoTest" name="testParse[add with extra parens]" time="0.02" />

      <testcase classname="expressivo.grader.ExpressivoTest" name="testSimplify_xyz[add with extra parens]" time="0.022" />

      <testcase classname="expressivo.grader.ExpressivoTest" name="testDifferentiate_dx[times]" time="0.03" />

      <testcase classname="expressivo.grader.ExpressivoTest" name="testDifferentiate_dy[times]" time="0.039" />

      <testcase classname="expressivo.grader.ExpressivoTest" name="testParse[times]" time="0.067" />

      <testcase classname="expressivo.grader.ExpressivoTest" name="testSimplify_xyz[times]" time="0.062" />

      <testcase classname="expressivo.grader.ExpressivoTest" name="testDifferentiate_dx[times with extra parens]" time="0.079" />

      <testcase classname="expressivo.grader.ExpressivoTest" name="testDifferentiate_dy[times with extra parens]" time="0.081" />

      <testcase classname="expressivo.grader.ExpressivoTest" name="testParse[times with extra parens]" time="0.078" />

      <testcase classname="expressivo.grader.ExpressivoTest" name="testSimplify_xyz[times with extra parens]" time="0.034" />

      <testcase classname="expressivo.grader.ExpressivoTest" name="testDifferentiate_dx[* ( * )]" time="0.017" />

      <testcase classname="expressivo.grader.ExpressivoTest" name="testDifferentiate_dy[* ( * )]" time="0.022" />

      <testcase classname="expressivo.grader.ExpressivoTest" name="testParse[* ( * )]" time="0.017" />

      <testcase classname="expressivo.grader.ExpressivoTest" name="testSimplify_xyz[* ( * )]" time="0.02" />

      <testcase classname="expressivo.grader.ExpressivoTest" name="testDifferentiate_dx[( * ) *]" time="0.025" />

      <testcase classname="expressivo.grader.ExpressivoTest" name="testDifferentiate_dy[( * ) *]" time="0.046" />

      <testcase classname="expressivo.grader.ExpressivoTest" name="testParse[( * ) *]" time="0.017" />

      <testcase classname="expressivo.grader.ExpressivoTest" name="testSimplify_xyz[( * ) *]" time="0.025" />

      <testcase classname="expressivo.grader.ExpressivoTest" name="testDifferentiate_dx[( * ) * ( * )]" time="0.015" />

      <testcase classname="expressivo.grader.ExpressivoTest" name="testDifferentiate_dy[( * ) * ( * )]" time="0.019" />

      <testcase classname="expressivo.grader.ExpressivoTest" name="testParse[( * ) * ( * )]" time="0.065" />

      <testcase classname="expressivo.grader.ExpressivoTest" name="testSimplify_xyz[( * ) * ( * )]" time="0.088" />

      <testcase classname="expressivo.grader.ExpressivoTest" name="testDifferentiate_dx[* * * * *]" time="0.053" />

      <testcase classname="expressivo.grader.ExpressivoTest" name="testDifferentiate_dy[* * * * *]" time="0.044" />

      <testcase classname="expressivo.grader.ExpressivoTest" name="testParse[* * * * *]" time="0.016" />

      <testcase classname="expressivo.grader.ExpressivoTest" name="testSimplify_xyz[* * * * *]" time="0.016" />

      <testcase classname="expressivo.grader.ExpressivoTest" name="testDifferentiate_dx[integers add]" time="0.015" />

      <testcase classname="expressivo.grader.ExpressivoTest" name="testDifferentiate_dy[integers add]" time="0.014" />

      <testcase classname="expressivo.grader.ExpressivoTest" name="testParse[integers add]" time="0.014" />

      <testcase classname="expressivo.grader.ExpressivoTest" name="testSimplify_xyz[integers add]" time="0.01" />

      <testcase classname="expressivo.grader.ExpressivoTest" name="testDifferentiate_dx[integers times]" time="0.015" />

      <testcase classname="expressivo.grader.ExpressivoTest" name="testDifferentiate_dy[integers times]" time="0.012" />

      <testcase classname="expressivo.grader.ExpressivoTest" name="testParse[integers times]" time="0.011" />

      <testcase classname="expressivo.grader.ExpressivoTest" name="testSimplify_xyz[integers times]" time="0.015" />

      <testcase classname="expressivo.grader.ExpressivoTest" name="testDifferentiate_dx[integers with various ops]" time="0.0" />

      <testcase classname="expressivo.grader.ExpressivoTest" name="testDifferentiate_dy[integers with various ops]" time="0.0" />

      <testcase classname="expressivo.grader.ExpressivoTest" name="testParse[integers with various ops]" time="0.017" />

      <testcase classname="expressivo.grader.ExpressivoTest" name="testSimplify_xyz[integers with various ops]" time="0.016" />

      <testcase classname="expressivo.grader.ExpressivoTest" name="testDifferentiate_dx[decimal-fractions add]" time="0.013" />

      <testcase classname="expressivo.grader.ExpressivoTest" name="testDifferentiate_dy[decimal-fractions add]" time="0.011" />

      <testcase classname="expressivo.grader.ExpressivoTest" name="testParse[decimal-fractions add]" time="0.012" />

      <testcase classname="expressivo.grader.ExpressivoTest" name="testSimplify_xyz[decimal-fractions add]" time="0.014" />

      <testcase classname="expressivo.grader.ExpressivoTest" name="testDifferentiate_dx[decimal-fractions times]" time="0.012" />

      <testcase classname="expressivo.grader.ExpressivoTest" name="testDifferentiate_dy[decimal-fractions times]" time="0.014" />

      <testcase classname="expressivo.grader.ExpressivoTest" name="testParse[decimal-fractions times]" time="0.015" />

      <testcase classname="expressivo.grader.ExpressivoTest" name="testSimplify_xyz[decimal-fractions times]" time="0.011" />

      <testcase classname="expressivo.grader.ExpressivoTest" name="testDifferentiate_dx[decimal-fractions with various ops]" time="0.02" />

      <testcase classname="expressivo.grader.ExpressivoTest" name="testDifferentiate_dy[decimal-fractions with various ops]" time="0.009" />

      <testcase classname="expressivo.grader.ExpressivoTest" name="testParse[decimal-fractions with various ops]" time="0.012" />

      <testcase classname="expressivo.grader.ExpressivoTest" name="testSimplify_xyz[decimal-fractions with various ops]" time="0.019" />

      <testcase classname="expressivo.grader.ExpressivoTest" name="testDifferentiate_dx[decimal-fractions integers add]" time="0.014" />

      <testcase classname="expressivo.grader.ExpressivoTest" name="testDifferentiate_dy[decimal-fractions integers add]" time="0.02" />

      <testcase classname="expressivo.grader.ExpressivoTest" name="testParse[decimal-fractions integers add]" time="0.018" />

      <testcase classname="expressivo.grader.ExpressivoTest" name="testSimplify_xyz[decimal-fractions integers add]" time="0.015" />

      <testcase classname="expressivo.grader.ExpressivoTest" name="testDifferentiate_dx[decimal-fractions integers times]" time="0.022" />

      <testcase classname="expressivo.grader.ExpressivoTest" name="testDifferentiate_dy[decimal-fractions integers times]" time="0.018" />

      <testcase classname="expressivo.grader.ExpressivoTest" name="testParse[decimal-fractions integers times]" time="0.014" />

      <testcase classname="expressivo.grader.ExpressivoTest" name="testSimplify_xyz[decimal-fractions integers times]" time="0.02" />

      <testcase classname="expressivo.grader.ExpressivoTest" name="testDifferentiate_dx[decimal-fractions integers with various ops]" time="0.0" />

      <testcase classname="expressivo.grader.ExpressivoTest" name="testDifferentiate_dy[decimal-fractions integers with various ops]" time="0.0" />

      <testcase classname="expressivo.grader.ExpressivoTest" name="testParse[decimal-fractions integers with various ops]" time="0.016" />

      <testcase classname="expressivo.grader.ExpressivoTest" name="testSimplify_xyz[decimal-fractions integers with various ops]" time="0.018" />

      <testcase classname="expressivo.grader.ExpressivoTest" name="testDifferentiate_dx[various variable names]" time="0.019" />

      <testcase classname="expressivo.grader.ExpressivoTest" name="testDifferentiate_dy[various variable names]" time="0.018" />

      <testcase classname="expressivo.grader.ExpressivoTest" name="testParse[various variable names]" time="0.017" />

      <testcase classname="expressivo.grader.ExpressivoTest" name="testSimplify_xyz[various variable names]" time="0.019" />

      <testcase classname="expressivo.grader.ExpressivoTest" name="testDifferentiate_dx[nested left]" time="0.0" />

      <testcase classname="expressivo.grader.ExpressivoTest" name="testDifferentiate_dy[nested left]" time="0.0" />

      <testcase classname="expressivo.grader.ExpressivoTest" name="testParse[nested left]" time="0.033" />

      <testcase classname="expressivo.grader.ExpressivoTest" name="testSimplify_xyz[nested left]" time="0.064" />

      <testcase classname="expressivo.grader.ExpressivoTest" name="testDifferentiate_dx[nested center]" time="0.0" />

      <testcase classname="expressivo.grader.ExpressivoTest" name="testDifferentiate_dy[nested center]" time="0.0" />

      <testcase classname="expressivo.grader.ExpressivoTest" name="testParse[nested center]" time="0.021" />

      <testcase classname="expressivo.grader.ExpressivoTest" name="testSimplify_xyz[nested center]" time="0.034" />

      <testcase classname="expressivo.grader.ExpressivoTest" name="testDifferentiate_dx[nested right]" time="0.001" />

      <testcase classname="expressivo.grader.ExpressivoTest" name="testDifferentiate_dy[nested right]" time="0.0" />

      <testcase classname="expressivo.grader.ExpressivoTest" name="testParse[nested right]" time="0.023" />

      <testcase classname="expressivo.grader.ExpressivoTest" name="testSimplify_xyz[nested right]" time="0.019" />

      <testcase classname="expressivo.grader.ExpressivoTest" name="testDifferentiate_dx[nested balanced]" time="0.001" />

      <testcase classname="expressivo.grader.ExpressivoTest" name="testDifferentiate_dy[nested balanced]" time="0.0" />

      <testcase classname="expressivo.grader.ExpressivoTest" name="testParse[nested balanced]" time="0.021" />

      <testcase classname="expressivo.grader.ExpressivoTest" name="testSimplify_xyz[nested balanced]" time="0.02" />

      <testcase classname="expressivo.grader.ExpressivoTest" name="testDifferentiate_dx[polynomial in x/y/z]" time="0.0" />

      <testcase classname="expressivo.grader.ExpressivoTest" name="testDifferentiate_dy[polynomial in x/y/z]" time="0.0" />

      <testcase classname="expressivo.grader.ExpressivoTest" name="testParse[polynomial in x/y/z]" time="0.021" />

      <testcase classname="expressivo.grader.ExpressivoTest" name="testSimplify_xyz[polynomial in x/y/z]" time="0.029" />

      <testcase classname="expressivo.grader.ExpressivoTest" name="testDifferentiate_dx[polynomial in x/y/z with extra parens]" time="0.0" />

      <testcase classname="expressivo.grader.ExpressivoTest" name="testDifferentiate_dy[polynomial in x/y/z with extra parens]" time="0.0" />

      <testcase classname="expressivo.grader.ExpressivoTest" name="testParse[polynomial in x/y/z with extra parens]" time="0.056" />

      <testcase classname="expressivo.grader.ExpressivoTest" name="testSimplify_xyz[polynomial in x/y/z with extra parens]" time="0.045" />

      <testcase classname="expressivo.grader.ExpressivoTest" name="testDifferentiate_dx[polynomial in x/y/z and various other variables]" time="0.001" />

      <testcase classname="expressivo.grader.ExpressivoTest" name="testDifferentiate_dy[polynomial in x/y/z and various other variables]" time="0.004" />

      <testcase classname="expressivo.grader.ExpressivoTest" name="testParse[polynomial in x/y/z and various other variables]" time="0.017" />

      <testcase classname="expressivo.grader.ExpressivoTest" name="testSimplify_xyz[polynomial in x/y/z and various other variables]" time="0.017" />

      <system-out><![CDATA[]]></system-out>

      <system-err><![CDATA[]]></system-err>

  </testsuite>
  <testsuite errors="0" failures="0" hostname="MacBook-Air.local" id="9" name="IllegalTest" package="expressivo.grader" skipped="0" tests="14" time="5.857" timestamp="2017-07-28T14:55:50">
      <properties>
          <property name="java.vendor" value="Oracle Corporation" />

          <property name="sun.java.launcher" value="SUN_STANDARD" />

          <property name="sun.management.compiler" value="HotSpot 64-Bit Tiered Compilers" />

          <property name="build.sysclasspath" value="ignore" />

          <property name="os.name" value="Mac OS X" />

          <property name="sun.boot.class.path" value="/Library/Java/JavaVirtualMachines/jdk1.8.0_131.jdk/Contents/Home/jre/lib/resources.jar:/Library/Java/JavaVirtualMachines/jdk1.8.0_131.jdk/Contents/Home/jre/lib/rt.jar:/Library/Java/JavaVirtualMachines/jdk1.8.0_131.jdk/Contents/Home/jre/lib/sunrsasign.jar:/Library/Java/JavaVirtualMachines/jdk1.8.0_131.jdk/Contents/Home/jre/lib/jsse.jar:/Library/Java/JavaVirtualMachines/jdk1.8.0_131.jdk/Contents/Home/jre/lib/jce.jar:/Library/Java/JavaVirtualMachines/jdk1.8.0_131.jdk/Contents/Home/jre/lib/charsets.jar:/Library/Java/JavaVirtualMachines/jdk1.8.0_131.jdk/Contents/Home/jre/lib/jfr.jar:/Library/Java/JavaVirtualMachines/jdk1.8.0_131.jdk/Contents/Home/jre/classes" />

          <property name="final.grading" value="true" />

          <property name="java.vm.specification.vendor" value="Oracle Corporation" />

          <property name="ant.home" value="/Applications/IntelliJ IDEA CE.app/Contents/lib/ant" />

          <property name="java.runtime.version" value="1.8.0_131-b11" />

          <property name="user.name" value="Jeroen" />

          <property name="ant.build.javac.target" value="1.8" />

          <property name="user.language" value="nl" />

          <property name="sun.boot.library.path" value="/Library/Java/JavaVirtualMachines/jdk1.8.0_131.jdk/Contents/Home/jre/lib" />

          <property name="grader.report.file" value="my-grader-report.xml" />

          <property name="ant.project.default-target" value="all" />

          <property name="java.version" value="1.8.0_131" />

          <property name="user.timezone" value="" />

          <property name="sun.arch.data.model" value="64" />

          <property name="http.nonProxyHosts" value="local|*.local|169.254/16|*.169.254/16" />

          <property name="java.endorsed.dirs" value="/Library/Java/JavaVirtualMachines/jdk1.8.0_131.jdk/Contents/Home/jre/lib/endorsed" />

          <property name="sun.cpu.isalist" value="" />

          <property name="sun.jnu.encoding" value="UTF-8" />

          <property name="file.encoding.pkg" value="sun.io" />

          <property name="file.separator" value="/" />

          <property name="java.specification.name" value="Java Platform API Specification" />

          <property name="java.class.version" value="52.0" />

          <property name="user.country" value="NL" />

          <property name="java.home" value="/Library/Java/JavaVirtualMachines/jdk1.8.0_131.jdk/Contents/Home/jre" />

          <property name="java.vm.info" value="mixed mode" />

          <property name="ant.file" value="/Users/Jeroen/Dropbox/Documenten School/MIT edX 6.005 - Software Construction in Java/6.005.2x/ps1/grader.xml" />

          <property name="os.version" value="10.12.5" />

          <property name="final.grader.jar" value="ps1-final-grader.jar" />

          <property name="path.separator" value=":" />

          <property name="java.vm.version" value="25.131-b11" />

          <property name="ant.library.dir" value="/Applications/IntelliJ IDEA CE.app/Contents/lib/ant/lib" />

          <property name="java.awt.printerjob" value="sun.lwawt.macosx.CPrinterJob" />

          <property name="sun.io.unicode.encoding" value="UnicodeBig" />

          <property name="awt.toolkit" value="sun.lwawt.macosx.LWCToolkit" />

          <property name="socksNonProxyHosts" value="local|*.local|169.254/16|*.169.254/16" />

          <property name="ftp.nonProxyHosts" value="local|*.local|169.254/16|*.169.254/16" />

          <property name="user.home" value="/Users/Jeroen" />

          <property name="java.specification.vendor" value="Oracle Corporation" />

          <property name="which.tests.ran" value="BETA + FINAL" />

          <property name="java.library.path" value="/Users/Jeroen/Library/Java/Extensions:/Library/Java/Extensions:/Network/Library/Java/Extensions:/System/Library/Java/Extensions:/usr/lib/java:." />

          <property name="java.vendor.url" value="http://java.oracle.com/" />

          <property name="java.vm.vendor" value="Oracle Corporation" />

          <property name="gopherProxySet" value="false" />

          <property name="java.runtime.name" value="Java(TM) SE Runtime Environment" />

          <property name="beta.grader.jar" value="ps1-beta-grader.jar" />

          <property name="sun.java.command" value="org.apache.tools.ant.taskdefs.optional.junit.JUnitTestRunner expressivo.grader.IllegalTest skipNonTests=false filtertrace=true haltOnError=false haltOnFailure=false showoutput=false outputtoformatters=true logfailedtests=true threadid=0 logtestlistenerevents=false formatter=org.apache.tools.ant.taskdefs.optional.junit.XMLJUnitResultFormatter,/Users/Jeroen/Dropbox/Documenten School/MIT edX 6.005 - Software Construction in Java/6.005.2x/ps1/.grader/TEST-expressivo.grader.IllegalTest.xml crashfile=/Users/Jeroen/Dropbox/Documenten School/MIT edX 6.005 - Software Construction in Java/6.005.2x/ps1/.grader/junitvmwatcher465216861664253009.properties propsfile=/Users/Jeroen/Dropbox/Documenten School/MIT edX 6.005 - Software Construction in Java/6.005.2x/ps1/.grader/junit5722435084851191525.properties" />

          <property name="java.class.path" value="/Users/Jeroen/Dropbox/Documenten School/MIT edX 6.005 - Software Construction in Java/6.005.2x/ps1/lib/junit-4.12.jar:/Users/Jeroen/Dropbox/Documenten School/MIT edX 6.005 - Software Construction in Java/6.005.2x/ps1/lib/hamcrest-core-1.3.jar:/Users/Jeroen/Dropbox/Documenten School/MIT edX 6.005 - Software Construction in Java/6.005.2x/ps1/lib/parserlib.jar:/Users/Jeroen/Dropbox/Documenten School/MIT edX 6.005 - Software Construction in Java/6.005.2x/ps1/.grader/bin-tests-final:/Users/Jeroen/Dropbox/Documenten School/MIT edX 6.005 - Software Construction in Java/6.005.2x/ps1/.grader/bin-student:/Applications/IntelliJ IDEA CE.app/Contents/lib/ant/lib/ant-launcher.jar:/Applications/IntelliJ IDEA CE.app/Contents/lib/ant/lib/ant.jar:/Applications/IntelliJ IDEA CE.app/Contents/lib/ant/lib/ant-junit.jar:/Applications/IntelliJ IDEA CE.app/Contents/lib/ant/lib/ant-junit4.jar" />

          <property name="ant.version" value="Apache Ant(TM) version 1.9.4 compiled on April 29 2014" />

          <property name="project.name" value="ps1-expressivo" />

          <property name="java.vm.specification.name" value="Java Virtual Machine Specification" />

          <property name="ant.file.type" value="file" />

          <property name="java.vm.specification.version" value="1.8" />

          <property name="sun.cpu.endian" value="little" />

          <property name="didit.desc" value="Running our tests against your implementation" />

          <property name="sun.os.patch.level" value="unknown" />

          <property name="java.io.tmpdir" value="/var/folders/9r/vkch7mbn639c_t84ywy576xh0000gn/T/" />

          <property name="java.vendor.url.bug" value="http://bugreport.sun.com/bugreport/" />

          <property name="os.arch" value="x86_64" />

          <property name="java.awt.graphicsenv" value="sun.awt.CGraphicsEnvironment" />

          <property name="java.ext.dirs" value="/Users/Jeroen/Library/Java/Extensions:/Library/Java/JavaVirtualMachines/jdk1.8.0_131.jdk/Contents/Home/jre/lib/ext:/Library/Java/Extensions:/Network/Library/Java/Extensions:/System/Library/Java/Extensions:/usr/lib/java" />

          <property name="user.dir" value="/Users/Jeroen/Dropbox/Documenten School/MIT edX 6.005 - Software Construction in Java/6.005.2x/ps1" />

          <property name="line.separator" value="&#xa;" />

          <property name="zipfile" value="my-submission.zip" />

          <property name="java.vm.name" value="Java HotSpot(TM) 64-Bit Server VM" />

          <property name="problem.set" value="ps1" />

          <property name="basedir" value="/Users/Jeroen/Dropbox/Documenten School/MIT edX 6.005 - Software Construction in Java/6.005.2x/ps1" />

          <property name="ant.java.version" value="1.8" />

          <property name="ant.core.lib" value="/Applications/IntelliJ IDEA CE.app/Contents/lib/ant/lib/ant.jar" />

          <property name="file.encoding" value="UTF-8" />

          <property name="java.specification.version" value="1.8" />

          <property name="grader.dir" value=".grader" />

          <property name="ant.project.invoked-targets" value="all" />

      </properties>

      <testcase classname="expressivo.grader.IllegalTest" name="testParse[missing op]" time="0.231" />

      <testcase classname="expressivo.grader.IllegalTest" name="testParse[adjacent vars]" time="0.061" />

      <testcase classname="expressivo.grader.IllegalTest" name="testParse[unbalanced open]" time="0.056" />

      <testcase classname="expressivo.grader.IllegalTest" name="testParse[unbalanced close]" time="0.036" />

      <testcase classname="expressivo.grader.IllegalTest" name="testParse[empty parens]" time="0.041" />

      <testcase classname="expressivo.grader.IllegalTest" name="testParse[empty nesting]" time="0.031" />

      <testcase classname="expressivo.grader.IllegalTest" name="testParse[prefix op]" time="0.032" />

      <testcase classname="expressivo.grader.IllegalTest" name="testParse[postfix op]" time="0.027" />

      <testcase classname="expressivo.grader.IllegalTest" name="testParse[leading op]" time="0.044" />

      <testcase classname="expressivo.grader.IllegalTest" name="testParse[trailing op]" time="0.044" />

      <testcase classname="expressivo.grader.IllegalTest" name="testParse[multiple decimal points]" time="0.023" />

      <testcase classname="expressivo.grader.IllegalTest" name="testParse[lone op]" time="0.027" />

      <testcase classname="expressivo.grader.IllegalTest" name="testParse[lone decimal point]" time="0.031" />

      <testcase classname="expressivo.grader.IllegalTest" name="testParse[lone nested op]" time="0.023" />

      <system-out><![CDATA[]]></system-out>

      <system-err><![CDATA[lib6005.parser.UnableToParseException: Only parsed up to line 1 col 2 the rest of the input did not parse
String does not match grammar 
Error in line 1 col 2
Expected [ \\t\\r\\n] but saw x<EOIN>
	at lib6005.parser.Parser.parse(Parser.java:160)
	at expressivo.Expression.parse(Expression.java:43)
	at expressivo.grader.IllegalTest.testParse(IllegalTest.java:43)
	at sun.reflect.NativeMethodAccessorImpl.invoke0(Native Method)
	at sun.reflect.NativeMethodAccessorImpl.invoke(NativeMethodAccessorImpl.java:62)
	at sun.reflect.DelegatingMethodAccessorImpl.invoke(DelegatingMethodAccessorImpl.java:43)
	at java.lang.reflect.Method.invoke(Method.java:498)
	at org.junit.runners.model.FrameworkMethod$1.runReflectiveCall(FrameworkMethod.java:50)
	at org.junit.internal.runners.model.ReflectiveCallable.run(ReflectiveCallable.java:12)
	at org.junit.runners.model.FrameworkMethod.invokeExplosively(FrameworkMethod.java:47)
	at org.junit.internal.runners.statements.InvokeMethod.evaluate(InvokeMethod.java:17)
	at org.junit.internal.runners.statements.ExpectException.evaluate(ExpectException.java:19)
	at org.junit.runners.ParentRunner.runLeaf(ParentRunner.java:325)
	at org.junit.runners.BlockJUnit4ClassRunner.runChild(BlockJUnit4ClassRunner.java:78)
	at org.junit.runners.BlockJUnit4ClassRunner.runChild(BlockJUnit4ClassRunner.java:57)
	at org.junit.runners.ParentRunner$3.run(ParentRunner.java:290)
	at org.junit.runners.ParentRunner$1.schedule(ParentRunner.java:71)
	at org.junit.runners.ParentRunner.runChildren(ParentRunner.java:288)
	at org.junit.runners.ParentRunner.access$000(ParentRunner.java:58)
	at org.junit.runners.ParentRunner$2.evaluate(ParentRunner.java:268)
	at org.junit.runners.ParentRunner.run(ParentRunner.java:363)
	at org.junit.runners.Suite.runChild(Suite.java:128)
	at org.junit.runners.Suite.runChild(Suite.java:27)
	at org.junit.runners.ParentRunner$3.run(ParentRunner.java:290)
	at org.junit.runners.ParentRunner$1.schedule(ParentRunner.java:71)
	at org.junit.runners.ParentRunner.runChildren(ParentRunner.java:288)
	at org.junit.runners.ParentRunner.access$000(ParentRunner.java:58)
	at org.junit.runners.ParentRunner$2.evaluate(ParentRunner.java:268)
	at org.junit.runners.ParentRunner.run(ParentRunner.java:363)
	at junit.framework.JUnit4TestAdapter.run(JUnit4TestAdapter.java:38)
	at org.apache.tools.ant.taskdefs.optional.junit.JUnitTestRunner.run(JUnitTestRunner.java:532)
	at org.apache.tools.ant.taskdefs.optional.junit.JUnitTestRunner.launch(JUnitTestRunner.java:1179)
	at org.apache.tools.ant.taskdefs.optional.junit.JUnitTestRunner.main(JUnitTestRunner.java:1030)
lib6005.parser.UnableToParseException: Only parsed up to line 1 col 2 the rest of the input did not parse
String does not match grammar 
Error in line 1 col 2
Expected [ \\t\\r\\n] but saw x<EOIN>
	at lib6005.parser.Parser.parse(Parser.java:160)
	at expressivo.Expression.parse(Expression.java:43)
	at expressivo.grader.IllegalTest.testParse(IllegalTest.java:43)
	at sun.reflect.NativeMethodAccessorImpl.invoke0(Native Method)
	at sun.reflect.NativeMethodAccessorImpl.invoke(NativeMethodAccessorImpl.java:62)
	at sun.reflect.DelegatingMethodAccessorImpl.invoke(DelegatingMethodAccessorImpl.java:43)
	at java.lang.reflect.Method.invoke(Method.java:498)
	at org.junit.runners.model.FrameworkMethod$1.runReflectiveCall(FrameworkMethod.java:50)
	at org.junit.internal.runners.model.ReflectiveCallable.run(ReflectiveCallable.java:12)
	at org.junit.runners.model.FrameworkMethod.invokeExplosively(FrameworkMethod.java:47)
	at org.junit.internal.runners.statements.InvokeMethod.evaluate(InvokeMethod.java:17)
	at org.junit.internal.runners.statements.ExpectException.evaluate(ExpectException.java:19)
	at org.junit.runners.ParentRunner.runLeaf(ParentRunner.java:325)
	at org.junit.runners.BlockJUnit4ClassRunner.runChild(BlockJUnit4ClassRunner.java:78)
	at org.junit.runners.BlockJUnit4ClassRunner.runChild(BlockJUnit4ClassRunner.java:57)
	at org.junit.runners.ParentRunner$3.run(ParentRunner.java:290)
	at org.junit.runners.ParentRunner$1.schedule(ParentRunner.java:71)
	at org.junit.runners.ParentRunner.runChildren(ParentRunner.java:288)
	at org.junit.runners.ParentRunner.access$000(ParentRunner.java:58)
	at org.junit.runners.ParentRunner$2.evaluate(ParentRunner.java:268)
	at org.junit.runners.ParentRunner.run(ParentRunner.java:363)
	at org.junit.runners.Suite.runChild(Suite.java:128)
	at org.junit.runners.Suite.runChild(Suite.java:27)
	at org.junit.runners.ParentRunner$3.run(ParentRunner.java:290)
	at org.junit.runners.ParentRunner$1.schedule(ParentRunner.java:71)
	at org.junit.runners.ParentRunner.runChildren(ParentRunner.java:288)
	at org.junit.runners.ParentRunner.access$000(ParentRunner.java:58)
	at org.junit.runners.ParentRunner$2.evaluate(ParentRunner.java:268)
	at org.junit.runners.ParentRunner.run(ParentRunner.java:363)
	at junit.framework.JUnit4TestAdapter.run(JUnit4TestAdapter.java:38)
	at org.apache.tools.ant.taskdefs.optional.junit.JUnitTestRunner.run(JUnitTestRunner.java:532)
	at org.apache.tools.ant.taskdefs.optional.junit.JUnitTestRunner.launch(JUnitTestRunner.java:1179)
	at org.apache.tools.ant.taskdefs.optional.junit.JUnitTestRunner.main(JUnitTestRunner.java:1030)
lib6005.parser.UnableToParseException: String does not match grammar 
Error in line 1 col 0
Expected ||||[0-9]||.|[0-9]|[a-zA-Z]||||[0-9]||.|[0-9]|[a-zA-Z]|)|) but saw (x * x<EOIN>
	at lib6005.parser.Parser.parse(Parser.java:153)
	at expressivo.Expression.parse(Expression.java:43)
	at expressivo.grader.IllegalTest.testParse(IllegalTest.java:43)
	at sun.reflect.NativeMethodAccessorImpl.invoke0(Native Method)
	at sun.reflect.NativeMethodAccessorImpl.invoke(NativeMethodAccessorImpl.java:62)
	at sun.reflect.DelegatingMethodAccessorImpl.invoke(DelegatingMethodAccessorImpl.java:43)
	at java.lang.reflect.Method.invoke(Method.java:498)
	at org.junit.runners.model.FrameworkMethod$1.runReflectiveCall(FrameworkMethod.java:50)
	at org.junit.internal.runners.model.ReflectiveCallable.run(ReflectiveCallable.java:12)
	at org.junit.runners.model.FrameworkMethod.invokeExplosively(FrameworkMethod.java:47)
	at org.junit.internal.runners.statements.InvokeMethod.evaluate(InvokeMethod.java:17)
	at org.junit.internal.runners.statements.ExpectException.evaluate(ExpectException.java:19)
	at org.junit.runners.ParentRunner.runLeaf(ParentRunner.java:325)
	at org.junit.runners.BlockJUnit4ClassRunner.runChild(BlockJUnit4ClassRunner.java:78)
	at org.junit.runners.BlockJUnit4ClassRunner.runChild(BlockJUnit4ClassRunner.java:57)
	at org.junit.runners.ParentRunner$3.run(ParentRunner.java:290)
	at org.junit.runners.ParentRunner$1.schedule(ParentRunner.java:71)
	at org.junit.runners.ParentRunner.runChildren(ParentRunner.java:288)
	at org.junit.runners.ParentRunner.access$000(ParentRunner.java:58)
	at org.junit.runners.ParentRunner$2.evaluate(ParentRunner.java:268)
	at org.junit.runners.ParentRunner.run(ParentRunner.java:363)
	at org.junit.runners.Suite.runChild(Suite.java:128)
	at org.junit.runners.Suite.runChild(Suite.java:27)
	at org.junit.runners.ParentRunner$3.run(ParentRunner.java:290)
	at org.junit.runners.ParentRunner$1.schedule(ParentRunner.java:71)
	at org.junit.runners.ParentRunner.runChildren(ParentRunner.java:288)
	at org.junit.runners.ParentRunner.access$000(ParentRunner.java:58)
	at org.junit.runners.ParentRunner$2.evaluate(ParentRunner.java:268)
	at org.junit.runners.ParentRunner.run(ParentRunner.java:363)
	at junit.framework.JUnit4TestAdapter.run(JUnit4TestAdapter.java:38)
	at org.apache.tools.ant.taskdefs.optional.junit.JUnitTestRunner.run(JUnitTestRunner.java:532)
	at org.apache.tools.ant.taskdefs.optional.junit.JUnitTestRunner.launch(JUnitTestRunner.java:1179)
	at org.apache.tools.ant.taskdefs.optional.junit.JUnitTestRunner.main(JUnitTestRunner.java:1030)
lib6005.parser.UnableToParseException: Only parsed up to line 1 col 5 the rest of the input did not parse
String does not match grammar 
Error in line 1 col 5
Expected [ \\t\\r\\n] but saw )<EOIN>
	at lib6005.parser.Parser.parse(Parser.java:160)
	at expressivo.Expression.parse(Expression.java:43)
	at expressivo.grader.IllegalTest.testParse(IllegalTest.java:43)
	at sun.reflect.NativeMethodAccessorImpl.invoke0(Native Method)
	at sun.reflect.NativeMethodAccessorImpl.invoke(NativeMethodAccessorImpl.java:62)
	at sun.reflect.DelegatingMethodAccessorImpl.invoke(DelegatingMethodAccessorImpl.java:43)
	at java.lang.reflect.Method.invoke(Method.java:498)
	at org.junit.runners.model.FrameworkMethod$1.runReflectiveCall(FrameworkMethod.java:50)
	at org.junit.internal.runners.model.ReflectiveCallable.run(ReflectiveCallable.java:12)
	at org.junit.runners.model.FrameworkMethod.invokeExplosively(FrameworkMethod.java:47)
	at org.junit.internal.runners.statements.InvokeMethod.evaluate(InvokeMethod.java:17)
	at org.junit.internal.runners.statements.ExpectException.evaluate(ExpectException.java:19)
	at org.junit.runners.ParentRunner.runLeaf(ParentRunner.java:325)
	at org.junit.runners.BlockJUnit4ClassRunner.runChild(BlockJUnit4ClassRunner.java:78)
	at org.junit.runners.BlockJUnit4ClassRunner.runChild(BlockJUnit4ClassRunner.java:57)
	at org.junit.runners.ParentRunner$3.run(ParentRunner.java:290)
	at org.junit.runners.ParentRunner$1.schedule(ParentRunner.java:71)
	at org.junit.runners.ParentRunner.runChildren(ParentRunner.java:288)
	at org.junit.runners.ParentRunner.access$000(ParentRunner.java:58)
	at org.junit.runners.ParentRunner$2.evaluate(ParentRunner.java:268)
	at org.junit.runners.ParentRunner.run(ParentRunner.java:363)
	at org.junit.runners.Suite.runChild(Suite.java:128)
	at org.junit.runners.Suite.runChild(Suite.java:27)
	at org.junit.runners.ParentRunner$3.run(ParentRunner.java:290)
	at org.junit.runners.ParentRunner$1.schedule(ParentRunner.java:71)
	at org.junit.runners.ParentRunner.runChildren(ParentRunner.java:288)
	at org.junit.runners.ParentRunner.access$000(ParentRunner.java:58)
	at org.junit.runners.ParentRunner$2.evaluate(ParentRunner.java:268)
	at org.junit.runners.ParentRunner.run(ParentRunner.java:363)
	at junit.framework.JUnit4TestAdapter.run(JUnit4TestAdapter.java:38)
	at org.apache.tools.ant.taskdefs.optional.junit.JUnitTestRunner.run(JUnitTestRunner.java:532)
	at org.apache.tools.ant.taskdefs.optional.junit.JUnitTestRunner.launch(JUnitTestRunner.java:1179)
	at org.apache.tools.ant.taskdefs.optional.junit.JUnitTestRunner.main(JUnitTestRunner.java:1030)
lib6005.parser.UnableToParseException: String does not match grammar 
Error in line 1 col 0
Expected ||||[0-9]||.|[0-9]|[a-zA-Z]||||[0-9]||.|[0-9]|[a-zA-Z]|||||[0-9]||.|[0-9]|[a-zA-Z]||||[0-9]||.|[0-9]|[a-zA-Z]|(|(||||[0-9]||.|[0-9]|[a-zA-Z]|( but saw ()<EOIN>
	at lib6005.parser.Parser.parse(Parser.java:153)
	at expressivo.Expression.parse(Expression.java:43)
	at expressivo.grader.IllegalTest.testParse(IllegalTest.java:43)
	at sun.reflect.NativeMethodAccessorImpl.invoke0(Native Method)
	at sun.reflect.NativeMethodAccessorImpl.invoke(NativeMethodAccessorImpl.java:62)
	at sun.reflect.DelegatingMethodAccessorImpl.invoke(DelegatingMethodAccessorImpl.java:43)
	at java.lang.reflect.Method.invoke(Method.java:498)
	at org.junit.runners.model.FrameworkMethod$1.runReflectiveCall(FrameworkMethod.java:50)
	at org.junit.internal.runners.model.ReflectiveCallable.run(ReflectiveCallable.java:12)
	at org.junit.runners.model.FrameworkMethod.invokeExplosively(FrameworkMethod.java:47)
	at org.junit.internal.runners.statements.InvokeMethod.evaluate(InvokeMethod.java:17)
	at org.junit.internal.runners.statements.ExpectException.evaluate(ExpectException.java:19)
	at org.junit.runners.ParentRunner.runLeaf(ParentRunner.java:325)
	at org.junit.runners.BlockJUnit4ClassRunner.runChild(BlockJUnit4ClassRunner.java:78)
	at org.junit.runners.BlockJUnit4ClassRunner.runChild(BlockJUnit4ClassRunner.java:57)
	at org.junit.runners.ParentRunner$3.run(ParentRunner.java:290)
	at org.junit.runners.ParentRunner$1.schedule(ParentRunner.java:71)
	at org.junit.runners.ParentRunner.runChildren(ParentRunner.java:288)
	at org.junit.runners.ParentRunner.access$000(ParentRunner.java:58)
	at org.junit.runners.ParentRunner$2.evaluate(ParentRunner.java:268)
	at org.junit.runners.ParentRunner.run(ParentRunner.java:363)
	at org.junit.runners.Suite.runChild(Suite.java:128)
	at org.junit.runners.Suite.runChild(Suite.java:27)
	at org.junit.runners.ParentRunner$3.run(ParentRunner.java:290)
	at org.junit.runners.ParentRunner$1.schedule(ParentRunner.java:71)
	at org.junit.runners.ParentRunner.runChildren(ParentRunner.java:288)
	at org.junit.runners.ParentRunner.access$000(ParentRunner.java:58)
	at org.junit.runners.ParentRunner$2.evaluate(ParentRunner.java:268)
	at org.junit.runners.ParentRunner.run(ParentRunner.java:363)
	at junit.framework.JUnit4TestAdapter.run(JUnit4TestAdapter.java:38)
	at org.apache.tools.ant.taskdefs.optional.junit.JUnitTestRunner.run(JUnitTestRunner.java:532)
	at org.apache.tools.ant.taskdefs.optional.junit.JUnitTestRunner.launch(JUnitTestRunner.java:1179)
	at org.apache.tools.ant.taskdefs.optional.junit.JUnitTestRunner.main(JUnitTestRunner.java:1030)
lib6005.parser.UnableToParseException: String does not match grammar 
Error in line 1 col 0
Expected ||||[0-9]||.|[0-9]|[a-zA-Z]||||[0-9]||.|[0-9]|[a-zA-Z]|||||[0-9]||.|[0-9]|[a-zA-Z]||||[0-9]||.|[0-9]|[a-zA-Z]|||||[0-9]||.|[0-9]|[a-zA-Z]||||[0-9]||.|[0-9]|[a-zA-Z]|||||[0-9]||.|[0-9]|[a-zA-Z]||||[0-9]||.|[0-9]|[a-zA-Z]|(|(||||[0-9]||.|[0-9]|[a-zA-Z]|(||||[0-9]||.|[0-9]|[a-zA-Z]|||||[0-9]||.|[0-9]|[a-zA-Z]||||[0-9]||.|[0-9]|[a-zA-Z]|(|(||||[0-9]||.|[0-9]|[a-zA-Z]|||||[0-9]||.|[0-9]|[a-zA-Z]||||[0-9]||.|[0-9]|[a-zA-Z]|||||[0-9]||.|[0-9]|[a-zA-Z]||||[0-9]||.|[0-9]|[a-zA-Z]|(|(||||[0-9]||.|[0-9]|[a-zA-Z]|( but saw ((()))<EOIN>
	at lib6005.parser.Parser.parse(Parser.java:153)
	at expressivo.Expression.parse(Expression.java:43)
	at expressivo.grader.IllegalTest.testParse(IllegalTest.java:43)
	at sun.reflect.NativeMethodAccessorImpl.invoke0(Native Method)
	at sun.reflect.NativeMethodAccessorImpl.invoke(NativeMethodAccessorImpl.java:62)
	at sun.reflect.DelegatingMethodAccessorImpl.invoke(DelegatingMethodAccessorImpl.java:43)
	at java.lang.reflect.Method.invoke(Method.java:498)
	at org.junit.runners.model.FrameworkMethod$1.runReflectiveCall(FrameworkMethod.java:50)
	at org.junit.internal.runners.model.ReflectiveCallable.run(ReflectiveCallable.java:12)
	at org.junit.runners.model.FrameworkMethod.invokeExplosively(FrameworkMethod.java:47)
	at org.junit.internal.runners.statements.InvokeMethod.evaluate(InvokeMethod.java:17)
	at org.junit.internal.runners.statements.ExpectException.evaluate(ExpectException.java:19)
	at org.junit.runners.ParentRunner.runLeaf(ParentRunner.java:325)
	at org.junit.runners.BlockJUnit4ClassRunner.runChild(BlockJUnit4ClassRunner.java:78)
	at org.junit.runners.BlockJUnit4ClassRunner.runChild(BlockJUnit4ClassRunner.java:57)
	at org.junit.runners.ParentRunner$3.run(ParentRunner.java:290)
	at org.junit.runners.ParentRunner$1.schedule(ParentRunner.java:71)
	at org.junit.runners.ParentRunner.runChildren(ParentRunner.java:288)
	at org.junit.runners.ParentRunner.access$000(ParentRunner.java:58)
	at org.junit.runners.ParentRunner$2.evaluate(ParentRunner.java:268)
	at org.junit.runners.ParentRunner.run(ParentRunner.java:363)
	at org.junit.runners.Suite.runChild(Suite.java:128)
	at org.junit.runners.Suite.runChild(Suite.java:27)
	at org.junit.runners.ParentRunner$3.run(ParentRunner.java:290)
	at org.junit.runners.ParentRunner$1.schedule(ParentRunner.java:71)
	at org.junit.runners.ParentRunner.runChildren(ParentRunner.java:288)
	at org.junit.runners.ParentRunner.access$000(ParentRunner.java:58)
	at org.junit.runners.ParentRunner$2.evaluate(ParentRunner.java:268)
	at org.junit.runners.ParentRunner.run(ParentRunner.java:363)
	at junit.framework.JUnit4TestAdapter.run(JUnit4TestAdapter.java:38)
	at org.apache.tools.ant.taskdefs.optional.junit.JUnitTestRunner.run(JUnitTestRunner.java:532)
	at org.apache.tools.ant.taskdefs.optional.junit.JUnitTestRunner.launch(JUnitTestRunner.java:1179)
	at org.apache.tools.ant.taskdefs.optional.junit.JUnitTestRunner.main(JUnitTestRunner.java:1030)
lib6005.parser.UnableToParseException: String does not match grammar 
Error in line 1 col 0
Expected ||||[0-9]||.|[0-9]|[a-zA-Z]||||[0-9]||.|[0-9]|[a-zA-Z]|||||[0-9]||.|[0-9]|[a-zA-Z]||||[0-9]||.|[0-9]|[a-zA-Z]|(|(||||[0-9]||.|[0-9]|[a-zA-Z]|( but saw (+ 3 x)<EOIN>
	at lib6005.parser.Parser.parse(Parser.java:153)
	at expressivo.Expression.parse(Expression.java:43)
	at expressivo.grader.IllegalTest.testParse(IllegalTest.java:43)
	at sun.reflect.NativeMethodAccessorImpl.invoke0(Native Method)
	at sun.reflect.NativeMethodAccessorImpl.invoke(NativeMethodAccessorImpl.java:62)
	at sun.reflect.DelegatingMethodAccessorImpl.invoke(DelegatingMethodAccessorImpl.java:43)
	at java.lang.reflect.Method.invoke(Method.java:498)
	at org.junit.runners.model.FrameworkMethod$1.runReflectiveCall(FrameworkMethod.java:50)
	at org.junit.internal.runners.model.ReflectiveCallable.run(ReflectiveCallable.java:12)
	at org.junit.runners.model.FrameworkMethod.invokeExplosively(FrameworkMethod.java:47)
	at org.junit.internal.runners.statements.InvokeMethod.evaluate(InvokeMethod.java:17)
	at org.junit.internal.runners.statements.ExpectException.evaluate(ExpectException.java:19)
	at org.junit.runners.ParentRunner.runLeaf(ParentRunner.java:325)
	at org.junit.runners.BlockJUnit4ClassRunner.runChild(BlockJUnit4ClassRunner.java:78)
	at org.junit.runners.BlockJUnit4ClassRunner.runChild(BlockJUnit4ClassRunner.java:57)
	at org.junit.runners.ParentRunner$3.run(ParentRunner.java:290)
	at org.junit.runners.ParentRunner$1.schedule(ParentRunner.java:71)
	at org.junit.runners.ParentRunner.runChildren(ParentRunner.java:288)
	at org.junit.runners.ParentRunner.access$000(ParentRunner.java:58)
	at org.junit.runners.ParentRunner$2.evaluate(ParentRunner.java:268)
	at org.junit.runners.ParentRunner.run(ParentRunner.java:363)
	at org.junit.runners.Suite.runChild(Suite.java:128)
	at org.junit.runners.Suite.runChild(Suite.java:27)
	at org.junit.runners.ParentRunner$3.run(ParentRunner.java:290)
	at org.junit.runners.ParentRunner$1.schedule(ParentRunner.java:71)
	at org.junit.runners.ParentRunner.runChildren(ParentRunner.java:288)
	at org.junit.runners.ParentRunner.access$000(ParentRunner.java:58)
	at org.junit.runners.ParentRunner$2.evaluate(ParentRunner.java:268)
	at org.junit.runners.ParentRunner.run(ParentRunner.java:363)
	at junit.framework.JUnit4TestAdapter.run(JUnit4TestAdapter.java:38)
	at org.apache.tools.ant.taskdefs.optional.junit.JUnitTestRunner.run(JUnitTestRunner.java:532)
	at org.apache.tools.ant.taskdefs.optional.junit.JUnitTestRunner.launch(JUnitTestRunner.java:1179)
	at org.apache.tools.ant.taskdefs.optional.junit.JUnitTestRunner.main(JUnitTestRunner.java:1030)
lib6005.parser.UnableToParseException: String does not match grammar 
Error in line 1 col 0
Expected ||||[0-9]||.|[0-9]|[a-zA-Z]||||[0-9]||.|[0-9]|[a-zA-Z]|)|) but saw (x 3 +)<EOIN>
	at lib6005.parser.Parser.parse(Parser.java:153)
	at expressivo.Expression.parse(Expression.java:43)
	at expressivo.grader.IllegalTest.testParse(IllegalTest.java:43)
	at sun.reflect.NativeMethodAccessorImpl.invoke0(Native Method)
	at sun.reflect.NativeMethodAccessorImpl.invoke(NativeMethodAccessorImpl.java:62)
	at sun.reflect.DelegatingMethodAccessorImpl.invoke(DelegatingMethodAccessorImpl.java:43)
	at java.lang.reflect.Method.invoke(Method.java:498)
	at org.junit.runners.model.FrameworkMethod$1.runReflectiveCall(FrameworkMethod.java:50)
	at org.junit.internal.runners.model.ReflectiveCallable.run(ReflectiveCallable.java:12)
	at org.junit.runners.model.FrameworkMethod.invokeExplosively(FrameworkMethod.java:47)
	at org.junit.internal.runners.statements.InvokeMethod.evaluate(InvokeMethod.java:17)
	at org.junit.internal.runners.statements.ExpectException.evaluate(ExpectException.java:19)
	at org.junit.runners.ParentRunner.runLeaf(ParentRunner.java:325)
	at org.junit.runners.BlockJUnit4ClassRunner.runChild(BlockJUnit4ClassRunner.java:78)
	at org.junit.runners.BlockJUnit4ClassRunner.runChild(BlockJUnit4ClassRunner.java:57)
	at org.junit.runners.ParentRunner$3.run(ParentRunner.java:290)
	at org.junit.runners.ParentRunner$1.schedule(ParentRunner.java:71)
	at org.junit.runners.ParentRunner.runChildren(ParentRunner.java:288)
	at org.junit.runners.ParentRunner.access$000(ParentRunner.java:58)
	at org.junit.runners.ParentRunner$2.evaluate(ParentRunner.java:268)
	at org.junit.runners.ParentRunner.run(ParentRunner.java:363)
	at org.junit.runners.Suite.runChild(Suite.java:128)
	at org.junit.runners.Suite.runChild(Suite.java:27)
	at org.junit.runners.ParentRunner$3.run(ParentRunner.java:290)
	at org.junit.runners.ParentRunner$1.schedule(ParentRunner.java:71)
	at org.junit.runners.ParentRunner.runChildren(ParentRunner.java:288)
	at org.junit.runners.ParentRunner.access$000(ParentRunner.java:58)
	at org.junit.runners.ParentRunner$2.evaluate(ParentRunner.java:268)
	at org.junit.runners.ParentRunner.run(ParentRunner.java:363)
	at junit.framework.JUnit4TestAdapter.run(JUnit4TestAdapter.java:38)
	at org.apache.tools.ant.taskdefs.optional.junit.JUnitTestRunner.run(JUnitTestRunner.java:532)
	at org.apache.tools.ant.taskdefs.optional.junit.JUnitTestRunner.launch(JUnitTestRunner.java:1179)
	at org.apache.tools.ant.taskdefs.optional.junit.JUnitTestRunner.main(JUnitTestRunner.java:1030)
lib6005.parser.UnableToParseException: String does not match grammar 
Error in line 1 col 0
Expected ||||[0-9]||.|[0-9]|[a-zA-Z]||||[0-9]||.|[0-9]|[a-zA-Z]|||||[0-9]||.|[0-9]|[a-zA-Z]||||[0-9]||.|[0-9]|[a-zA-Z]|(|(||||[0-9]||.|[0-9]|[a-zA-Z]|( but saw (* 3 * x)<EOIN>
	at lib6005.parser.Parser.parse(Parser.java:153)
	at expressivo.Expression.parse(Expression.java:43)
	at expressivo.grader.IllegalTest.testParse(IllegalTest.java:43)
	at sun.reflect.NativeMethodAccessorImpl.invoke0(Native Method)
	at sun.reflect.NativeMethodAccessorImpl.invoke(NativeMethodAccessorImpl.java:62)
	at sun.reflect.DelegatingMethodAccessorImpl.invoke(DelegatingMethodAccessorImpl.java:43)
	at java.lang.reflect.Method.invoke(Method.java:498)
	at org.junit.runners.model.FrameworkMethod$1.runReflectiveCall(FrameworkMethod.java:50)
	at org.junit.internal.runners.model.ReflectiveCallable.run(ReflectiveCallable.java:12)
	at org.junit.runners.model.FrameworkMethod.invokeExplosively(FrameworkMethod.java:47)
	at org.junit.internal.runners.statements.InvokeMethod.evaluate(InvokeMethod.java:17)
	at org.junit.internal.runners.statements.ExpectException.evaluate(ExpectException.java:19)
	at org.junit.runners.ParentRunner.runLeaf(ParentRunner.java:325)
	at org.junit.runners.BlockJUnit4ClassRunner.runChild(BlockJUnit4ClassRunner.java:78)
	at org.junit.runners.BlockJUnit4ClassRunner.runChild(BlockJUnit4ClassRunner.java:57)
	at org.junit.runners.ParentRunner$3.run(ParentRunner.java:290)
	at org.junit.runners.ParentRunner$1.schedule(ParentRunner.java:71)
	at org.junit.runners.ParentRunner.runChildren(ParentRunner.java:288)
	at org.junit.runners.ParentRunner.access$000(ParentRunner.java:58)
	at org.junit.runners.ParentRunner$2.evaluate(ParentRunner.java:268)
	at org.junit.runners.ParentRunner.run(ParentRunner.java:363)
	at org.junit.runners.Suite.runChild(Suite.java:128)
	at org.junit.runners.Suite.runChild(Suite.java:27)
	at org.junit.runners.ParentRunner$3.run(ParentRunner.java:290)
	at org.junit.runners.ParentRunner$1.schedule(ParentRunner.java:71)
	at org.junit.runners.ParentRunner.runChildren(ParentRunner.java:288)
	at org.junit.runners.ParentRunner.access$000(ParentRunner.java:58)
	at org.junit.runners.ParentRunner$2.evaluate(ParentRunner.java:268)
	at org.junit.runners.ParentRunner.run(ParentRunner.java:363)
	at junit.framework.JUnit4TestAdapter.run(JUnit4TestAdapter.java:38)
	at org.apache.tools.ant.taskdefs.optional.junit.JUnitTestRunner.run(JUnitTestRunner.java:532)
	at org.apache.tools.ant.taskdefs.optional.junit.JUnitTestRunner.launch(JUnitTestRunner.java:1179)
	at org.apache.tools.ant.taskdefs.optional.junit.JUnitTestRunner.main(JUnitTestRunner.java:1030)
lib6005.parser.UnableToParseException: String does not match grammar 
Error in line 1 col 0
Expected ||||[0-9]||.|[0-9]|[a-zA-Z]||||[0-9]||.|[0-9]|[a-zA-Z]|)|) but saw (x * 3 *)<EOIN>
	at lib6005.parser.Parser.parse(Parser.java:153)
	at expressivo.Expression.parse(Expression.java:43)
	at expressivo.grader.IllegalTest.testParse(IllegalTest.java:43)
	at sun.reflect.NativeMethodAccessorImpl.invoke0(Native Method)
	at sun.reflect.NativeMethodAccessorImpl.invoke(NativeMethodAccessorImpl.java:62)
	at sun.reflect.DelegatingMethodAccessorImpl.invoke(DelegatingMethodAccessorImpl.java:43)
	at java.lang.reflect.Method.invoke(Method.java:498)
	at org.junit.runners.model.FrameworkMethod$1.runReflectiveCall(FrameworkMethod.java:50)
	at org.junit.internal.runners.model.ReflectiveCallable.run(ReflectiveCallable.java:12)
	at org.junit.runners.model.FrameworkMethod.invokeExplosively(FrameworkMethod.java:47)
	at org.junit.internal.runners.statements.InvokeMethod.evaluate(InvokeMethod.java:17)
	at org.junit.internal.runners.statements.ExpectException.evaluate(ExpectException.java:19)
	at org.junit.runners.ParentRunner.runLeaf(ParentRunner.java:325)
	at org.junit.runners.BlockJUnit4ClassRunner.runChild(BlockJUnit4ClassRunner.java:78)
	at org.junit.runners.BlockJUnit4ClassRunner.runChild(BlockJUnit4ClassRunner.java:57)
	at org.junit.runners.ParentRunner$3.run(ParentRunner.java:290)
	at org.junit.runners.ParentRunner$1.schedule(ParentRunner.java:71)
	at org.junit.runners.ParentRunner.runChildren(ParentRunner.java:288)
	at org.junit.runners.ParentRunner.access$000(ParentRunner.java:58)
	at org.junit.runners.ParentRunner$2.evaluate(ParentRunner.java:268)
	at org.junit.runners.ParentRunner.run(ParentRunner.java:363)
	at org.junit.runners.Suite.runChild(Suite.java:128)
	at org.junit.runners.Suite.runChild(Suite.java:27)
	at org.junit.runners.ParentRunner$3.run(ParentRunner.java:290)
	at org.junit.runners.ParentRunner$1.schedule(ParentRunner.java:71)
	at org.junit.runners.ParentRunner.runChildren(ParentRunner.java:288)
	at org.junit.runners.ParentRunner.access$000(ParentRunner.java:58)
	at org.junit.runners.ParentRunner$2.evaluate(ParentRunner.java:268)
	at org.junit.runners.ParentRunner.run(ParentRunner.java:363)
	at junit.framework.JUnit4TestAdapter.run(JUnit4TestAdapter.java:38)
	at org.apache.tools.ant.taskdefs.optional.junit.JUnitTestRunner.run(JUnitTestRunner.java:532)
	at org.apache.tools.ant.taskdefs.optional.junit.JUnitTestRunner.launch(JUnitTestRunner.java:1179)
	at org.apache.tools.ant.taskdefs.optional.junit.JUnitTestRunner.main(JUnitTestRunner.java:1030)
lib6005.parser.UnableToParseException: Only parsed up to line 1 col 3 the rest of the input did not parse
String does not match grammar 
Error in line 1 col 3
Expected [ \\t\\r\\n] but saw .3<EOIN>
	at lib6005.parser.Parser.parse(Parser.java:160)
	at expressivo.Expression.parse(Expression.java:43)
	at expressivo.grader.IllegalTest.testParse(IllegalTest.java:43)
	at sun.reflect.NativeMethodAccessorImpl.invoke0(Native Method)
	at sun.reflect.NativeMethodAccessorImpl.invoke(NativeMethodAccessorImpl.java:62)
	at sun.reflect.DelegatingMethodAccessorImpl.invoke(DelegatingMethodAccessorImpl.java:43)
	at java.lang.reflect.Method.invoke(Method.java:498)
	at org.junit.runners.model.FrameworkMethod$1.runReflectiveCall(FrameworkMethod.java:50)
	at org.junit.internal.runners.model.ReflectiveCallable.run(ReflectiveCallable.java:12)
	at org.junit.runners.model.FrameworkMethod.invokeExplosively(FrameworkMethod.java:47)
	at org.junit.internal.runners.statements.InvokeMethod.evaluate(InvokeMethod.java:17)
	at org.junit.internal.runners.statements.ExpectException.evaluate(ExpectException.java:19)
	at org.junit.runners.ParentRunner.runLeaf(ParentRunner.java:325)
	at org.junit.runners.BlockJUnit4ClassRunner.runChild(BlockJUnit4ClassRunner.java:78)
	at org.junit.runners.BlockJUnit4ClassRunner.runChild(BlockJUnit4ClassRunner.java:57)
	at org.junit.runners.ParentRunner$3.run(ParentRunner.java:290)
	at org.junit.runners.ParentRunner$1.schedule(ParentRunner.java:71)
	at org.junit.runners.ParentRunner.runChildren(ParentRunner.java:288)
	at org.junit.runners.ParentRunner.access$000(ParentRunner.java:58)
	at org.junit.runners.ParentRunner$2.evaluate(ParentRunner.java:268)
	at org.junit.runners.ParentRunner.run(ParentRunner.java:363)
	at org.junit.runners.Suite.runChild(Suite.java:128)
	at org.junit.runners.Suite.runChild(Suite.java:27)
	at org.junit.runners.ParentRunner$3.run(ParentRunner.java:290)
	at org.junit.runners.ParentRunner$1.schedule(ParentRunner.java:71)
	at org.junit.runners.ParentRunner.runChildren(ParentRunner.java:288)
	at org.junit.runners.ParentRunner.access$000(ParentRunner.java:58)
	at org.junit.runners.ParentRunner$2.evaluate(ParentRunner.java:268)
	at org.junit.runners.ParentRunner.run(ParentRunner.java:363)
	at junit.framework.JUnit4TestAdapter.run(JUnit4TestAdapter.java:38)
	at org.apache.tools.ant.taskdefs.optional.junit.JUnitTestRunner.run(JUnitTestRunner.java:532)
	at org.apache.tools.ant.taskdefs.optional.junit.JUnitTestRunner.launch(JUnitTestRunner.java:1179)
	at org.apache.tools.ant.taskdefs.optional.junit.JUnitTestRunner.main(JUnitTestRunner.java:1030)
lib6005.parser.UnableToParseException: String does not match grammar 
Error in line 1 col 0
Expected ||||[0-9]||.|[0-9]|[a-zA-Z]||||[0-9]||.|[0-9]|[a-zA-Z]|(|( but saw +<EOIN>
	at lib6005.parser.Parser.parse(Parser.java:153)
	at expressivo.Expression.parse(Expression.java:43)
	at expressivo.grader.IllegalTest.testParse(IllegalTest.java:43)
	at sun.reflect.NativeMethodAccessorImpl.invoke0(Native Method)
	at sun.reflect.NativeMethodAccessorImpl.invoke(NativeMethodAccessorImpl.java:62)
	at sun.reflect.DelegatingMethodAccessorImpl.invoke(DelegatingMethodAccessorImpl.java:43)
	at java.lang.reflect.Method.invoke(Method.java:498)
	at org.junit.runners.model.FrameworkMethod$1.runReflectiveCall(FrameworkMethod.java:50)
	at org.junit.internal.runners.model.ReflectiveCallable.run(ReflectiveCallable.java:12)
	at org.junit.runners.model.FrameworkMethod.invokeExplosively(FrameworkMethod.java:47)
	at org.junit.internal.runners.statements.InvokeMethod.evaluate(InvokeMethod.java:17)
	at org.junit.internal.runners.statements.ExpectException.evaluate(ExpectException.java:19)
	at org.junit.runners.ParentRunner.runLeaf(ParentRunner.java:325)
	at org.junit.runners.BlockJUnit4ClassRunner.runChild(BlockJUnit4ClassRunner.java:78)
	at org.junit.runners.BlockJUnit4ClassRunner.runChild(BlockJUnit4ClassRunner.java:57)
	at org.junit.runners.ParentRunner$3.run(ParentRunner.java:290)
	at org.junit.runners.ParentRunner$1.schedule(ParentRunner.java:71)
	at org.junit.runners.ParentRunner.runChildren(ParentRunner.java:288)
	at org.junit.runners.ParentRunner.access$000(ParentRunner.java:58)
	at org.junit.runners.ParentRunner$2.evaluate(ParentRunner.java:268)
	at org.junit.runners.ParentRunner.run(ParentRunner.java:363)
	at org.junit.runners.Suite.runChild(Suite.java:128)
	at org.junit.runners.Suite.runChild(Suite.java:27)
	at org.junit.runners.ParentRunner$3.run(ParentRunner.java:290)
	at org.junit.runners.ParentRunner$1.schedule(ParentRunner.java:71)
	at org.junit.runners.ParentRunner.runChildren(ParentRunner.java:288)
	at org.junit.runners.ParentRunner.access$000(ParentRunner.java:58)
	at org.junit.runners.ParentRunner$2.evaluate(ParentRunner.java:268)
	at org.junit.runners.ParentRunner.run(ParentRunner.java:363)
	at junit.framework.JUnit4TestAdapter.run(JUnit4TestAdapter.java:38)
	at org.apache.tools.ant.taskdefs.optional.junit.JUnitTestRunner.run(JUnitTestRunner.java:532)
	at org.apache.tools.ant.taskdefs.optional.junit.JUnitTestRunner.launch(JUnitTestRunner.java:1179)
	at org.apache.tools.ant.taskdefs.optional.junit.JUnitTestRunner.main(JUnitTestRunner.java:1030)
lib6005.parser.UnableToParseException: String does not match grammar 
Error in line 1 col 0
Expected ||||[0-9]||[0-9]|[0-9]|[a-zA-Z]||||[0-9]||[0-9]|[0-9]|[a-zA-Z]|(|( but saw .<EOIN>
	at lib6005.parser.Parser.parse(Parser.java:153)
	at expressivo.Expression.parse(Expression.java:43)
	at expressivo.grader.IllegalTest.testParse(IllegalTest.java:43)
	at sun.reflect.NativeMethodAccessorImpl.invoke0(Native Method)
	at sun.reflect.NativeMethodAccessorImpl.invoke(NativeMethodAccessorImpl.java:62)
	at sun.reflect.DelegatingMethodAccessorImpl.invoke(DelegatingMethodAccessorImpl.java:43)
	at java.lang.reflect.Method.invoke(Method.java:498)
	at org.junit.runners.model.FrameworkMethod$1.runReflectiveCall(FrameworkMethod.java:50)
	at org.junit.internal.runners.model.ReflectiveCallable.run(ReflectiveCallable.java:12)
	at org.junit.runners.model.FrameworkMethod.invokeExplosively(FrameworkMethod.java:47)
	at org.junit.internal.runners.statements.InvokeMethod.evaluate(InvokeMethod.java:17)
	at org.junit.internal.runners.statements.ExpectException.evaluate(ExpectException.java:19)
	at org.junit.runners.ParentRunner.runLeaf(ParentRunner.java:325)
	at org.junit.runners.BlockJUnit4ClassRunner.runChild(BlockJUnit4ClassRunner.java:78)
	at org.junit.runners.BlockJUnit4ClassRunner.runChild(BlockJUnit4ClassRunner.java:57)
	at org.junit.runners.ParentRunner$3.run(ParentRunner.java:290)
	at org.junit.runners.ParentRunner$1.schedule(ParentRunner.java:71)
	at org.junit.runners.ParentRunner.runChildren(ParentRunner.java:288)
	at org.junit.runners.ParentRunner.access$000(ParentRunner.java:58)
	at org.junit.runners.ParentRunner$2.evaluate(ParentRunner.java:268)
	at org.junit.runners.ParentRunner.run(ParentRunner.java:363)
	at org.junit.runners.Suite.runChild(Suite.java:128)
	at org.junit.runners.Suite.runChild(Suite.java:27)
	at org.junit.runners.ParentRunner$3.run(ParentRunner.java:290)
	at org.junit.runners.ParentRunner$1.schedule(ParentRunner.java:71)
	at org.junit.runners.ParentRunner.runChildren(ParentRunner.java:288)
	at org.junit.runners.ParentRunner.access$000(ParentRunner.java:58)
	at org.junit.runners.ParentRunner$2.evaluate(ParentRunner.java:268)
	at org.junit.runners.ParentRunner.run(ParentRunner.java:363)
	at junit.framework.JUnit4TestAdapter.run(JUnit4TestAdapter.java:38)
	at org.apache.tools.ant.taskdefs.optional.junit.JUnitTestRunner.run(JUnitTestRunner.java:532)
	at org.apache.tools.ant.taskdefs.optional.junit.JUnitTestRunner.launch(JUnitTestRunner.java:1179)
	at org.apache.tools.ant.taskdefs.optional.junit.JUnitTestRunner.main(JUnitTestRunner.java:1030)
lib6005.parser.UnableToParseException: String does not match grammar 
Error in line 1 col 0
Expected ||||[0-9]||.|[0-9]|[a-zA-Z]||||[0-9]||.|[0-9]|[a-zA-Z]|||||[0-9]||.|[0-9]|[a-zA-Z]||||[0-9]||.|[0-9]|[a-zA-Z]|(|(||||[0-9]||.|[0-9]|[a-zA-Z]|( but saw (*)<EOIN>
	at lib6005.parser.Parser.parse(Parser.java:153)
	at expressivo.Expression.parse(Expression.java:43)
	at expressivo.grader.IllegalTest.testParse(IllegalTest.java:43)
	at sun.reflect.NativeMethodAccessorImpl.invoke0(Native Method)
	at sun.reflect.NativeMethodAccessorImpl.invoke(NativeMethodAccessorImpl.java:62)
	at sun.reflect.DelegatingMethodAccessorImpl.invoke(DelegatingMethodAccessorImpl.java:43)
	at java.lang.reflect.Method.invoke(Method.java:498)
	at org.junit.runners.model.FrameworkMethod$1.runReflectiveCall(FrameworkMethod.java:50)
	at org.junit.internal.runners.model.ReflectiveCallable.run(ReflectiveCallable.java:12)
	at org.junit.runners.model.FrameworkMethod.invokeExplosively(FrameworkMethod.java:47)
	at org.junit.internal.runners.statements.InvokeMethod.evaluate(InvokeMethod.java:17)
	at org.junit.internal.runners.statements.ExpectException.evaluate(ExpectException.java:19)
	at org.junit.runners.ParentRunner.runLeaf(ParentRunner.java:325)
	at org.junit.runners.BlockJUnit4ClassRunner.runChild(BlockJUnit4ClassRunner.java:78)
	at org.junit.runners.BlockJUnit4ClassRunner.runChild(BlockJUnit4ClassRunner.java:57)
	at org.junit.runners.ParentRunner$3.run(ParentRunner.java:290)
	at org.junit.runners.ParentRunner$1.schedule(ParentRunner.java:71)
	at org.junit.runners.ParentRunner.runChildren(ParentRunner.java:288)
	at org.junit.runners.ParentRunner.access$000(ParentRunner.java:58)
	at org.junit.runners.ParentRunner$2.evaluate(ParentRunner.java:268)
	at org.junit.runners.ParentRunner.run(ParentRunner.java:363)
	at org.junit.runners.Suite.runChild(Suite.java:128)
	at org.junit.runners.Suite.runChild(Suite.java:27)
	at org.junit.runners.ParentRunner$3.run(ParentRunner.java:290)
	at org.junit.runners.ParentRunner$1.schedule(ParentRunner.java:71)
	at org.junit.runners.ParentRunner.runChildren(ParentRunner.java:288)
	at org.junit.runners.ParentRunner.access$000(ParentRunner.java:58)
	at org.junit.runners.ParentRunner$2.evaluate(ParentRunner.java:268)
	at org.junit.runners.ParentRunner.run(ParentRunner.java:363)
	at junit.framework.JUnit4TestAdapter.run(JUnit4TestAdapter.java:38)
	at org.apache.tools.ant.taskdefs.optional.junit.JUnitTestRunner.run(JUnitTestRunner.java:532)
	at org.apache.tools.ant.taskdefs.optional.junit.JUnitTestRunner.launch(JUnitTestRunner.java:1179)
	at org.apache.tools.ant.taskdefs.optional.junit.JUnitTestRunner.main(JUnitTestRunner.java:1030)
]]></system-err>

  </testsuite>
</testsuites>
